2013-03-12 15:41:18,023[main]             [INFO ] [e.k.c.ExoContainerContext 146]       - Set the top container in its context
2013-03-12 15:41:18,103[main]             [INFO ] [.c.c.InitialContextInitializer 152]  - Using mandatory system property: java.naming.factory.initial = org.exoplatform.services.naming.SimpleContextFactory
2013-03-12 15:41:18,108[main]             [INFO ] [.c.c.InitialContextInitializer 203]  - Reference bound: jdbcjcr
2013-03-12 15:41:18,198[main]             [INFO ] [c.c.JDBCWorkspaceDataContainer 425]  - Using a dialect 'HSQLDB'
2013-03-12 15:41:18,720[main]             [INFO ] [e.j.c.core.DBInitializer 292]        - DB schema of DataSource: 'dev-monit' initialized succesfully
2013-03-12 15:41:18,724[main]             [INFO ] [c.c.JDBCWorkspaceDataContainer 474]  - JDBC based JCR Workspace Data container 
container name: dev-monit 
data source JNDI name: jdbcjcr
is multi database: true
storage version: 1.7
value storage provider: []
max buffer size (bytes): 204800
swap directory path: /home/vetal/codenvy/projects/ide/exo-ide-extension-ssh/target/temp/swap/dev-monit
2013-03-12 15:41:18,741[main]             [INFO ] [inkedWorkspaceStorageCacheImpl 772]  - jcr.db1_dev-monit Create unblocking cache map.
2013-03-12 15:41:19,253[main]             [INFO ] [e.j.c.c.IndexerIoModeHandler 55]     - Indexer io mode=READ_WRITE
2013-03-12 15:41:19,254[main]             [INFO ] [e.j.component.core.SearchIndex 628]  - path=/home/vetal/codenvy/projects/ide/exo-ide-extension-ssh/target/temp/index/dev-monit_system
2013-03-12 15:41:19,330[main]             [INFO ] [e.j.component.core.MultiIndex 3549]  - Setting index OFFLINE (db1/db1_dev-monit[system])
2013-03-12 15:41:19,331[r-db1-dev-monit]  [INFO ] [e.j.component.core.IndexMerger 401]  - IndexMerger terminated
2013-03-12 15:41:19,522[main]             [INFO ] [e.j.component.core.MultiIndex 546]   - Initial index for 114 nodes created (db1/db1_dev-monit[system]).
2013-03-12 15:41:19,522[main]             [INFO ] [e.j.component.core.MultiIndex 3525]  - Setting index ONLINE (db1/db1_dev-monit[system])
2013-03-12 15:41:19,524[main]             [INFO ] [e.j.component.core.SearchIndex 711]  - Index initialized: /home/vetal/codenvy/projects/ide/exo-ide-extension-ssh/target/temp/index/dev-monit_system Version: 4
2013-03-12 15:41:19,562[main]             [INFO ] [e.j.component.core.SearchIndex 628]  - path=/home/vetal/codenvy/projects/ide/exo-ide-extension-ssh/target/temp/index/dev-monit
2013-03-12 15:41:19,563[main]             [INFO ] [e.j.component.core.MultiIndex 3549]  - Setting index OFFLINE (db1/db1_dev-monit)
2013-03-12 15:41:19,564[r-db1-dev-monit]  [INFO ] [e.j.component.core.IndexMerger 401]  - IndexMerger terminated
2013-03-12 15:41:19,597[main]             [INFO ] [e.j.component.core.MultiIndex 546]   - Initial index for 1 nodes created (db1/db1_dev-monit).
2013-03-12 15:41:19,598[main]             [INFO ] [e.j.component.core.MultiIndex 3525]  - Setting index ONLINE (db1/db1_dev-monit)
2013-03-12 15:41:19,599[main]             [INFO ] [e.j.component.core.SearchIndex 711]  - Index initialized: /home/vetal/codenvy/projects/ide/exo-ide-extension-ssh/target/temp/index/dev-monit Version: 4
2013-03-12 15:41:19,731[main]             [INFO ] [e.k.c.StandaloneContainer 183]       - StandaloneContainer initialized using:  file:/home/vetal/codenvy/projects/ide/exo-ide-extension-ssh/target/test-classes/conf/standalone/test-configuration.xml
2013-03-12 17:00:34,147[main]             [INFO ] [e.k.c.ExoContainerContext 146]       - Set the top container in its context
2013-03-12 17:00:34,226[main]             [INFO ] [.c.c.InitialContextInitializer 152]  - Using mandatory system property: java.naming.factory.initial = org.exoplatform.services.naming.SimpleContextFactory
2013-03-12 17:00:34,231[main]             [INFO ] [.c.c.InitialContextInitializer 203]  - Reference bound: jdbcjcr
2013-03-12 17:00:34,321[main]             [INFO ] [c.c.JDBCWorkspaceDataContainer 425]  - Using a dialect 'HSQLDB'
2013-03-12 17:00:36,403[main]             [INFO ] [e.j.c.core.DBInitializer 292]        - DB schema of DataSource: 'dev-monit' initialized succesfully
2013-03-12 17:00:36,407[main]             [INFO ] [c.c.JDBCWorkspaceDataContainer 474]  - JDBC based JCR Workspace Data container 
container name: dev-monit 
data source JNDI name: jdbcjcr
is multi database: true
storage version: 1.7
value storage provider: []
max buffer size (bytes): 204800
swap directory path: /home/vetal/codenvy/projects/ide/exo-ide-extension-ssh/target/temp/swap/dev-monit
2013-03-12 17:00:36,423[main]             [INFO ] [inkedWorkspaceStorageCacheImpl 772]  - jcr.db1_dev-monit Create unblocking cache map.
2013-03-12 17:00:37,109[main]             [INFO ] [e.j.c.c.IndexerIoModeHandler 55]     - Indexer io mode=READ_WRITE
2013-03-12 17:00:37,109[main]             [INFO ] [e.j.component.core.SearchIndex 628]  - path=/home/vetal/codenvy/projects/ide/exo-ide-extension-ssh/target/temp/index/dev-monit_system
2013-03-12 17:00:37,186[main]             [INFO ] [e.j.component.core.MultiIndex 3549]  - Setting index OFFLINE (db1/db1_dev-monit[system])
2013-03-12 17:00:37,186[r-db1-dev-monit]  [INFO ] [e.j.component.core.IndexMerger 401]  - IndexMerger terminated
2013-03-12 17:00:37,347[main]             [INFO ] [e.j.component.core.MultiIndex 546]   - Initial index for 114 nodes created (db1/db1_dev-monit[system]).
2013-03-12 17:00:37,348[main]             [INFO ] [e.j.component.core.MultiIndex 3525]  - Setting index ONLINE (db1/db1_dev-monit[system])
2013-03-12 17:00:37,349[main]             [INFO ] [e.j.component.core.SearchIndex 711]  - Index initialized: /home/vetal/codenvy/projects/ide/exo-ide-extension-ssh/target/temp/index/dev-monit_system Version: 4
2013-03-12 17:00:37,397[main]             [INFO ] [e.j.component.core.SearchIndex 628]  - path=/home/vetal/codenvy/projects/ide/exo-ide-extension-ssh/target/temp/index/dev-monit
2013-03-12 17:00:37,398[main]             [INFO ] [e.j.component.core.MultiIndex 3549]  - Setting index OFFLINE (db1/db1_dev-monit)
2013-03-12 17:00:37,398[r-db1-dev-monit]  [INFO ] [e.j.component.core.IndexMerger 401]  - IndexMerger terminated
2013-03-12 17:00:37,440[main]             [INFO ] [e.j.component.core.MultiIndex 546]   - Initial index for 1 nodes created (db1/db1_dev-monit).
2013-03-12 17:00:37,441[main]             [INFO ] [e.j.component.core.MultiIndex 3525]  - Setting index ONLINE (db1/db1_dev-monit)
2013-03-12 17:00:37,442[main]             [INFO ] [e.j.component.core.SearchIndex 711]  - Index initialized: /home/vetal/codenvy/projects/ide/exo-ide-extension-ssh/target/temp/index/dev-monit Version: 4
2013-03-12 17:00:37,581[main]             [INFO ] [e.k.c.StandaloneContainer 183]       - StandaloneContainer initialized using:  file:/home/vetal/codenvy/projects/ide/exo-ide-extension-ssh/target/test-classes/conf/standalone/test-configuration.xml
