#
# A fatal error has been detected by the Java Runtime Environment:
#
#  SIGSEGV (0xb) at pc=0x00007ffb48c397fc, pid=15657, tid=140717080598272
#
# JRE version: 7.0_25-b15
# Java VM: Java HotSpot(TM) 64-Bit Server VM (23.25-b01 mixed mode linux-amd64 compressed oops)
# Problematic frame:
# V  [libjvm.so+0x3fa7fc]  constMethodKlass::oop_follow_contents(ParCompactionManager*, oopDesc*)+0x29c
#
# Failed to write core dump. Core dumps have been disabled. To enable core dumping, try "ulimit -c unlimited" before starting Java again
#
# If you would like to submit a bug report, please visit:
#   http://bugreport.sun.com/bugreport/crash.jsp
#

---------------  T H R E A D  ---------------

Current thread (0x00007ffb44023800):  GCTaskThread [stack: 0x00007ffb3f8a5000,0x00007ffb3f9a6000] [id=15662]

siginfo:si_signo=SIGSEGV: si_errno=0, si_code=1 (SEGV_MAPERR), si_addr=0x0000000000000018

Registers:
RAX=0x00007ffb4950fdf0, RBX=0x00007ffb49532de0, RCX=0x0000000000000003, RDX=0x0000000000000000
RSP=0x00007ffb3f9a4ac0, RBP=0x00007ffb3f9a4af0, RSI=0x000000000000e73d, RDI=0x0000000000000010
R8 =0x0000000000000001, R9 =0x0000000000001ce7, R10=0x000000000000002a, R11=0x00007ffb4952e760
R12=0x00007ffb44097740, R13=0x000000077cae7a68, R14=0x00007ffb44097740, R15=0x000000077cae7ba0
RIP=0x00007ffb48c397fc, EFLAGS=0x0000000000010246, CSGSFS=0x0000000000000033, ERR=0x0000000000000004
  TRAPNO=0x000000000000000e

Top of Stack: (sp=0x00007ffb3f9a4ac0)
0x00007ffb3f9a4ac0:   00007ffb44097760 00007ffb44097740
0x00007ffb3f9a4ad0:   00007ffb4952e760 00007ffb4952ad88
0x00007ffb3f9a4ae0:   00007ffb44097740 00007ffb44097750
0x00007ffb3f9a4af0:   00007ffb3f9a4be0 00007ffb48fce97c
0x00007ffb3f9a4b00:   00007ffb3f9a4bf0 00007ffb3f9a4b50
0x00007ffb3f9a4b10:   00007ffb3f9a4b60 00007ffb3f9a4b40
0x00007ffb3f9a4b20:   00007ffb3f9a4b80 00007ffb3f9a4b90
0x00007ffb3f9a4b30:   00007ffb44097760 00007ffb440977c0
0x00007ffb3f9a4b40:   0000000000000000 00007ffb00000000
0x00007ffb3f9a4b50:   0000000000000000 00007ffb00000000
0x00007ffb3f9a4b60:   00007ffb44023800 0000000000000323
0x00007ffb3f9a4b70:   00006bcb00000185 0000000000000c00
0x00007ffb3f9a4b80:   0000000000000000 00007ffb490a3e00
0x00007ffb3f9a4b90:   00007ffb44010800 00007ffb440f5001
0x00007ffb3f9a4ba0:   000119d600002c01 00007ffb44024170
0x00007ffb3f9a4bb0:   00007ffb44097740 00007ffb3f9a4c20
0x00007ffb3f9a4bc0:   00007ffb44024140 00007ffb44024170
0x00007ffb3f9a4bd0:   00007ffb44097740 00007ffb44028170
0x00007ffb3f9a4be0:   00007ffb3f9a4c70 00007ffb48fb6c0f
0x00007ffb3f9a4bf0:   00007ffb44024180 00007ffb44024558
0x00007ffb3f9a4c00:   00007ffb494ebf50 0000000000000000
0x00007ffb3f9a4c10:   00007ffb3f9a4c20 00007ffb48f48601
0x00007ffb3f9a4c20:   00007ffb494f33b0 00007ffb4401db00
0x00007ffb3f9a4c30:   0000000000000000 00007ffb44097740
0x00007ffb3f9a4c40:   00007ffb3f9a4c70 00007ffb44028170
0x00007ffb3f9a4c50:   00007ffb44023800 0000000000000001
0x00007ffb3f9a4c60:   00007ffb4914f843 0000000000000000
0x00007ffb3f9a4c70:   00007ffb3f9a4d50 00007ffb48cf2ad0
0x00007ffb3f9a4c80:   00007ffb3f9a4cb0 00007ffb3f9a4d10
0x00007ffb3f9a4c90:   00007ffb44024170 00007ffb44024180
0x00007ffb3f9a4ca0:   00007ffb44024558 00007ffb44024140
0x00007ffb3f9a4cb0:   00007ffb44023800 00007ffb44024560 

Instructions: (pc=0x00007ffb48c397fc)
0x00007ffb48c397dc:   1f 44 00 00 48 8b 05 f1 2d 8c 00 44 0f b6 00 45
0x00007ffb48c397ec:   84 c0 0f 85 a4 00 00 00 49 8b 55 08 48 8d 7a 10
0x00007ffb48c397fc:   8b 77 08 83 fe 00 0f 8e c8 03 00 00 40 f6 c6 01
0x00007ffb48c3980c:   0f 85 ee 01 00 00 89 f0 c1 f8 03 4c 63 f0 4c 89 

Register to memory mapping:

RAX=0x00007ffb4950fdf0: <offset 0xcd0df0> in /usr/local/java/jdk1.7.0_25/jre/lib/amd64/server/libjvm.so at 0x00007ffb4883f000
RBX=0x00007ffb49532de0: <offset 0xcf3de0> in /usr/local/java/jdk1.7.0_25/jre/lib/amd64/server/libjvm.so at 0x00007ffb4883f000
RCX=0x0000000000000003 is an unknown value
RDX=0x0000000000000000 is an unknown value
RSP=0x00007ffb3f9a4ac0 is an unknown value
RBP=0x00007ffb3f9a4af0 is an unknown value
RSI=0x000000000000e73d is an unknown value
RDI=0x0000000000000010 is an unknown value
R8 =0x0000000000000001 is an unknown value
R9 =0x0000000000001ce7 is an unknown value
R10=0x000000000000002a is an unknown value
R11=0x00007ffb4952e760: <offset 0xcef760> in /usr/local/java/jdk1.7.0_25/jre/lib/amd64/server/libjvm.so at 0x00007ffb4883f000
R12=0x00007ffb44097740 is an unknown value
R13=0x000000077cae7a68 is an oop
{method} 
 - klass: {other class}
R14=0x00007ffb44097740 is an unknown value
R15=0x000000077cae7ba0 is an oop
{constMethod} 
 - klass: {other class}
 - method:       0x000000077cae7cf0 {method} 'iterator' '(Z)Ljava/util/Iterator;' in 'com/google/gwt/i18n/client/CurrencyList'
 - exceptions:   0x000000077ae01d50
 - stackmap data:       
[error occurred during error reporting (printing register info), id 0xb]

Stack: [0x00007ffb3f8a5000,0x00007ffb3f9a6000],  sp=0x00007ffb3f9a4ac0,  free space=1022k
Native frames: (J=compiled Java code, j=interpreted, Vv=VM code, C=native code)
V  [libjvm.so+0x3fa7fc]  constMethodKlass::oop_follow_contents(ParCompactionManager*, oopDesc*)+0x29c
V  [libjvm.so+0x78f97c]  ParCompactionManager::follow_marking_stacks()+0x1ec
V  [libjvm.so+0x777c0f]  ThreadRootsMarkingTask::do_it(GCTaskManager*, unsigned int)+0xcf
V  [libjvm.so+0x4b3ad0]  GCTaskThread::run()+0x130
V  [libjvm.so+0x744270]  java_start(Thread*)+0x100


---------------  P R O C E S S  ---------------

Java Threads: ( => current thread )
  0x00007ffb448ef800 JavaThread "External worker unconnected" [_thread_in_native, id=16191, stack(0x00007ffb368f3000,0x00007ffb369f4000)]
  0x00007ffb448f1000 JavaThread "In-process PermutationWorker 0" [_thread_blocked, id=16190, stack(0x00007ffb369f4000,0x00007ffb36af5000)]
  0x00007ffb44105800 JavaThread "Thread-512" [_thread_in_native, id=16189, stack(0x00007ffb36af5000,0x00007ffb36bf6000)]
  0x00007ffb44104800 JavaThread "Thread-511" [_thread_in_native, id=16188, stack(0x00007ffb36c1e000,0x00007ffb36d1f000)]
  0x00007ffb44618800 JavaThread "process reaper" daemon [_thread_in_native, id=16187, stack(0x00007ffb36bf6000,0x00007ffb36c1e000)]
  0x00007ffb44e8a800 JavaThread "com.google.inject.internal.util.$Finalizer" daemon [_thread_blocked, id=15732, stack(0x00007ffb36d1f000,0x00007ffb36e20000)]
  0x00007ffb44bd1800 JavaThread "Java2D Disposer" daemon [_thread_blocked, id=15686, stack(0x00007ffb37304000,0x00007ffb37405000)]
  0x00007ffb44726800 JavaThread "pool-1-thread-1" [_thread_blocked, id=15673, stack(0x00007ffb37b49000,0x00007ffb37c4a000)]
  0x00007ffaf800e800 JavaThread "Timer-0" daemon [_thread_blocked, id=15672, stack(0x00007ffb37a48000,0x00007ffb37b49000)]
  0x00007ffb440fa000 JavaThread "Service Thread" daemon [_thread_blocked, id=15669, stack(0x00007ffb3c7c2000,0x00007ffb3c8c3000)]
  0x00007ffb440f8000 JavaThread "C2 CompilerThread1" daemon [_thread_blocked, id=15668, stack(0x00007ffb3c8c3000,0x00007ffb3c9c4000)]
  0x00007ffb440f5000 JavaThread "C2 CompilerThread0" daemon [_thread_blocked, id=15667, stack(0x00007ffb3c9c4000,0x00007ffb3cac5000)]
  0x00007ffb440f3000 JavaThread "Signal Dispatcher" daemon [_thread_blocked, id=15666, stack(0x00007ffb3cac5000,0x00007ffb3cbc6000)]
  0x00007ffb440a3800 JavaThread "Finalizer" daemon [_thread_blocked, id=15665, stack(0x00007ffb3d411000,0x00007ffb3d512000)]
  0x00007ffb440a1800 JavaThread "Reference Handler" daemon [_thread_blocked, id=15664, stack(0x00007ffb3d512000,0x00007ffb3d613000)]
  0x00007ffb44010800 JavaThread "main" [_thread_blocked, id=15658, stack(0x00007ffb4a064000,0x00007ffb4a165000)]

Other Threads:
  0x00007ffb4409a000 VMThread [stack: 0x00007ffb3d613000,0x00007ffb3d714000] [id=15663]
  0x00007ffb4410d000 WatcherThread [stack: 0x00007ffb3c6c1000,0x00007ffb3c7c2000] [id=15670]

=>0x00007ffb44023800 (exited) GCTaskThread [stack: 0x00007ffb3f8a5000,0x00007ffb3f9a6000] [id=15662]

VM state:at safepoint (normal execution)

VM Mutex/Monitor currently owned by a thread:  ([mutex/lock_event])
[0x00007ffb4400cc00] Threads_lock - owner thread: 0x00007ffb4409a000
[0x00007ffb4400d100] Heap_lock - owner thread: 0x00007ffb448f1000

Heap
 PSYoungGen      total 466048K, used 232953K [0x00000007d5560000, 0x0000000800000000, 0x0000000800000000)
  eden space 233088K, 0% used [0x00000007d5560000,0x00000007d5560000,0x00000007e3900000)
  from space 232960K, 99% used [0x00000007e3900000,0x00000007f1c7e5e8,0x00000007f1c80000)
  to   space 232960K, 0% used [0x00000007f1c80000,0x00000007f1c80000,0x0000000800000000)
 ParOldGen       total 1398144K, used 1308919K [0x0000000780000000, 0x00000007d5560000, 0x00000007d5560000)
  object space 1398144K, 93% used [0x0000000780000000,0x00000007cfe3dc48,0x00000007d5560000)
 PSPermGen       total 43584K, used 33292K [0x000000077ae00000, 0x000000077d890000, 0x0000000780000000)
  object space 43584K, 76% used [0x000000077ae00000,0x000000077ce83008,0x000000077d890000)

Card table byte_map: [0x00007ffb3ff54000,0x00007ffb4037e000] byte_map_base: 0x00007ffb3c37d000

Polling page: 0x00007ffb4a17e000

Code Cache  [0x00007ffb4037e000, 0x00007ffb4179e000, 0x00007ffb4337e000)
 total_blobs=6477 nmethods=6028 adapters=394 free_code_cache=28963Kb largest_free_block=29287872

Compilation events (10 events):
Event: 432,342 Thread 0x00007ffb440f8000 7134             com.google.gwt.dev.js.JsToStringGenerationVisitor::visit (79 bytes)
Event: 432,380 Thread 0x00007ffb440f8000 nmethod 7134 0x00007ffb414b4f90 code [0x00007ffb414b5260, 0x00007ffb414b5fa8]
Event: 434,301 Thread 0x00007ffb440f5000 7135             com.google.gwt.dev.js.JsToStringGenerationVisitor::visit (91 bytes)
Event: 434,301 Thread 0x00007ffb440f8000 7136             com.google.gwt.dev.js.JsToStringGenerationVisitor::_questionMark (12 bytes)
Event: 434,304 Thread 0x00007ffb440f8000 nmethod 7136 0x00007ffb40d49990 code [0x00007ffb40d49b00, 0x00007ffb40d49cf8]
Event: 434,330 Thread 0x00007ffb440f5000 nmethod 7135 0x00007ffb4152e650 code [0x00007ffb4152ea60, 0x00007ffb4152ff20]
Event: 435,682 Thread 0x00007ffb440f5000 7138             com.google.gwt.dev.js.ast.JsSeedIdOf::getSeedId (5 bytes)
Event: 435,682 Thread 0x00007ffb440f8000 7137             com.google.gwt.dev.js.JsSourceGenerationVisitorWithSizeBreakdown::visit (18 bytes)
Event: 435,682 Thread 0x00007ffb440f5000 nmethod 7138 0x00007ffb416bfe50 code [0x00007ffb416bff80, 0x00007ffb416bffd8]
Event: 435,691 Thread 0x00007ffb440f8000 nmethod 7137 0x00007ffb4164d190 code [0x00007ffb4164d340, 0x00007ffb4164d968]

GC Heap History (10 events):
Event: 437,468 GC heap after
Heap after GC invocations=225 (full 12):
 PSYoungGen      total 466048K, used 232943K [0x00000007d5560000, 0x0000000800000000, 0x0000000800000000)
  eden space 233088K, 0% used [0x00000007d5560000,0x00000007d5560000,0x00000007e3900000)
  from space 232960K, 99% used [0x00000007e3900000,0x00000007f1c7bd40,0x00000007f1c80000)
  to   space 232960K, 0% used [0x00000007f1c80000,0x00000007f1c80000,0x0000000800000000)
 ParOldGen       total 1398144K, used 1013972K [0x0000000780000000, 0x00000007d5560000, 0x00000007d5560000)
  object space 1398144K, 72% used [0x0000000780000000,0x00000007bde352b8,0x00000007d5560000)
 PSPermGen       total 43584K, used 33292K [0x000000077ae00000, 0x000000077d890000, 0x0000000780000000)
  object space 43584K, 76% used [0x000000077ae00000,0x000000077ce83008,0x000000077d890000)
}
Event: 441,158 GC heap before
{Heap before GC invocations=226 (full 12):
 PSYoungGen      total 466048K, used 466031K [0x00000007d5560000, 0x0000000800000000, 0x0000000800000000)
  eden space 233088K, 100% used [0x00000007d5560000,0x00000007e3900000,0x00000007e3900000)
  from space 232960K, 99% used [0x00000007e3900000,0x00000007f1c7bd40,0x00000007f1c80000)
  to   space 232960K, 0% used [0x00000007f1c80000,0x00000007f1c80000,0x0000000800000000)
 ParOldGen       total 1398144K, used 1013972K [0x0000000780000000, 0x00000007d5560000, 0x00000007d5560000)
  object space 1398144K, 72% used [0x0000000780000000,0x00000007bde352b8,0x00000007d5560000)
 PSPermGen       total 43584K, used 33292K [0x000000077ae00000, 0x000000077d890000, 0x0000000780000000)
  object space 43584K, 76% used [0x000000077ae00000,0x000000077ce83008,0x000000077d890000)
Event: 441,523 GC heap after
Heap after GC invocations=226 (full 12):
 PSYoungGen      total 466048K, used 232687K [0x00000007d5560000, 0x0000000800000000, 0x0000000800000000)
  eden space 233088K, 0% used [0x00000007d5560000,0x00000007d5560000,0x00000007e3900000)
  from space 232960K, 99% used [0x00000007f1c80000,0x00000007fffbbd40,0x0000000800000000)
  to   space 232960K, 0% used [0x00000007e3900000,0x00000007e3900000,0x00000007f1c80000)
 ParOldGen       total 1398144K, used 1013972K [0x0000000780000000, 0x00000007d5560000, 0x00000007d5560000)
  object space 1398144K, 72% used [0x0000000780000000,0x00000007bde352b8,0x00000007d5560000)
 PSPermGen       total 43584K, used 33292K [0x000000077ae00000, 0x000000077d890000, 0x0000000780000000)
  object space 43584K, 76% used [0x000000077ae00000,0x000000077ce83008,0x000000077d890000)
}
Event: 442,002 GC heap before
{Heap before GC invocations=227 (full 12):
 PSYoungGen      total 466048K, used 450346K [0x00000007d5560000, 0x0000000800000000, 0x0000000800000000)
  eden space 233088K, 93% used [0x00000007d5560000,0x00000007e29eecb8,0x00000007e3900000)
  from space 232960K, 99% used [0x00000007f1c80000,0x00000007fffbbd40,0x0000000800000000)
  to   space 232960K, 0% used [0x00000007e3900000,0x00000007e3900000,0x00000007f1c80000)
 ParOldGen       total 1398144K, used 1013972K [0x0000000780000000, 0x00000007d5560000, 0x00000007d5560000)
  object space 1398144K, 72% used [0x0000000780000000,0x00000007bde352b8,0x00000007d5560000)
 PSPermGen       total 43584K, used 33292K [0x000000077ae00000, 0x000000077d890000, 0x0000000780000000)
  object space 43584K, 76% used [0x000000077ae00000,0x000000077ce83008,0x000000077d890000)
Event: 442,396 GC heap after
Heap after GC invocations=227 (full 12):
 PSYoungGen      total 466048K, used 232943K [0x00000007d5560000, 0x0000000800000000, 0x0000000800000000)
  eden space 233088K, 0% used [0x00000007d5560000,0x00000007d5560000,0x00000007e3900000)
  from space 232960K, 99% used [0x00000007e3900000,0x00000007f1c7bdc0,0x00000007f1c80000)
  to   space 232960K, 0% used [0x00000007f1c80000,0x00000007f1c80000,0x0000000800000000)
 ParOldGen       total 1398144K, used 1023908K [0x0000000780000000, 0x00000007d5560000, 0x00000007d5560000)
  object space 1398144K, 73% used [0x0000000780000000,0x00000007be7e92b8,0x00000007d5560000)
 PSPermGen       total 43584K, used 33292K [0x000000077ae00000, 0x000000077d890000, 0x0000000780000000)
  object space 43584K, 76% used [0x000000077ae00000,0x000000077ce83008,0x000000077d890000)
}
Event: 445,843 GC heap before
{Heap before GC invocations=228 (full 12):
 PSYoungGen      total 466048K, used 466031K [0x00000007d5560000, 0x0000000800000000, 0x0000000800000000)
  eden space 233088K, 100% used [0x00000007d5560000,0x00000007e3900000,0x00000007e3900000)
  from space 232960K, 99% used [0x00000007e3900000,0x00000007f1c7bdc0,0x00000007f1c80000)
  to   space 232960K, 0% used [0x00000007f1c80000,0x00000007f1c80000,0x0000000800000000)
 ParOldGen       total 1398144K, used 1023908K [0x0000000780000000, 0x00000007d5560000, 0x00000007d5560000)
  object space 1398144K, 73% used [0x0000000780000000,0x00000007be7e92b8,0x00000007d5560000)
 PSPermGen       total 43584K, used 33292K [0x000000077ae00000, 0x000000077d890000, 0x0000000780000000)
  object space 43584K, 76% used [0x000000077ae00000,0x000000077ce83008,0x000000077d890000)
Event: 446,423 GC heap after
Heap after GC invocations=228 (full 12):
 PSYoungGen      total 466048K, used 232933K [0x00000007d5560000, 0x0000000800000000, 0x0000000800000000)
  eden space 233088K, 0% used [0x00000007d5560000,0x00000007d5560000,0x00000007e3900000)
  from space 232960K, 99% used [0x00000007f1c80000,0x00000007ffff9568,0x0000000800000000)
  to   space 232960K, 0% used [0x00000007e3900000,0x00000007e3900000,0x00000007f1c80000)
 ParOldGen       total 1398144K, used 1105691K [0x0000000780000000, 0x00000007d5560000, 0x00000007d5560000)
  object space 1398144K, 79% used [0x0000000780000000,0x00000007c37c6cc8,0x00000007d5560000)
 PSPermGen       total 43584K, used 33292K [0x000000077ae00000, 0x000000077d890000, 0x0000000780000000)
  object space 43584K, 76% used [0x000000077ae00000,0x000000077ce83008,0x000000077d890000)
}
Event: 447,974 GC heap before
{Heap before GC invocations=229 (full 12):
 PSYoungGen      total 466048K, used 451066K [0x00000007d5560000, 0x0000000800000000, 0x0000000800000000)
  eden space 233088K, 93% used [0x00000007d5560000,0x00000007e2a65608,0x00000007e3900000)
  from space 232960K, 99% used [0x00000007f1c80000,0x00000007ffff9568,0x0000000800000000)
  to   space 232960K, 0% used [0x00000007e3900000,0x00000007e3900000,0x00000007f1c80000)
 ParOldGen       total 1398144K, used 1105691K [0x0000000780000000, 0x00000007d5560000, 0x00000007d5560000)
  object space 1398144K, 79% used [0x0000000780000000,0x00000007c37c6cc8,0x00000007d5560000)
 PSPermGen       total 43584K, used 33292K [0x000000077ae00000, 0x000000077d890000, 0x0000000780000000)
  object space 43584K, 76% used [0x000000077ae00000,0x000000077ce83008,0x000000077d890000)
Event: 448,832 GC heap after
Heap after GC invocations=229 (full 12):
 PSYoungGen      total 466048K, used 232953K [0x00000007d5560000, 0x0000000800000000, 0x0000000800000000)
  eden space 233088K, 0% used [0x00000007d5560000,0x00000007d5560000,0x00000007e3900000)
  from space 232960K, 99% used [0x00000007e3900000,0x00000007f1c7e5e8,0x00000007f1c80000)
  to   space 232960K, 0% used [0x00000007f1c80000,0x00000007f1c80000,0x0000000800000000)
 ParOldGen       total 1398144K, used 1308919K [0x0000000780000000, 0x00000007d5560000, 0x00000007d5560000)
  object space 1398144K, 93% used [0x0000000780000000,0x00000007cfe3dc48,0x00000007d5560000)
 PSPermGen       total 43584K, used 33292K [0x000000077ae00000, 0x000000077d890000, 0x0000000780000000)
  object space 43584K, 76% used [0x000000077ae00000,0x000000077ce83008,0x000000077d890000)
}
Event: 448,832 GC heap before
{Heap before GC invocations=230 (full 13):
 PSYoungGen      total 466048K, used 232953K [0x00000007d5560000, 0x0000000800000000, 0x0000000800000000)
  eden space 233088K, 0% used [0x00000007d5560000,0x00000007d5560000,0x00000007e3900000)
  from space 232960K, 99% used [0x00000007e3900000,0x00000007f1c7e5e8,0x00000007f1c80000)
  to   space 232960K, 0% used [0x00000007f1c80000,0x00000007f1c80000,0x0000000800000000)
 ParOldGen       total 1398144K, used 1308919K [0x0000000780000000, 0x00000007d5560000, 0x00000007d5560000)
  object space 1398144K, 93% used [0x0000000780000000,0x00000007cfe3dc48,0x00000007d5560000)
 PSPermGen       total 43584K, used 33292K [0x000000077ae00000, 0x000000077d890000, 0x0000000780000000)
  object space 43584K, 76% used [0x000000077ae00000,0x000000077ce83008,0x000000077d890000)

Deoptimization events (10 events):
Event: 414,542 Thread 0x00007ffb448f1000 Uncommon trap -83 fr.pc 0x00007ffb41782dac
Event: 414,573 Thread 0x00007ffb448f1000 Uncommon trap -83 fr.pc 0x00007ffb416c3cec
Event: 414,595 Thread 0x00007ffb448f1000 Uncommon trap -34 fr.pc 0x00007ffb41663880
Event: 414,607 Thread 0x00007ffb448f1000 Uncommon trap -83 fr.pc 0x00007ffb40e0692c
Event: 414,639 Thread 0x00007ffb448f1000 Uncommon trap -83 fr.pc 0x00007ffb40e03620
Event: 414,670 Thread 0x00007ffb448f1000 Uncommon trap -83 fr.pc 0x00007ffb416b2ae0
Event: 416,630 Thread 0x00007ffb448f1000 Uncommon trap -83 fr.pc 0x00007ffb416811e4
Event: 416,639 Thread 0x00007ffb448f1000 Uncommon trap -83 fr.pc 0x00007ffb41690ce4
Event: 416,646 Thread 0x00007ffb448f1000 Uncommon trap -83 fr.pc 0x00007ffb41597198
Event: 435,732 Thread 0x00007ffb448f1000 Uncommon trap -34 fr.pc 0x00007ffb40526084

Internal exceptions (10 events):
Event: 298,712 Thread 0x00007ffb448f1000 Threw 0x00000007e0662d18 at /HUDSON/workspace/jdk7u25-2-build-linux-amd64-product/jdk7u25/hotspot/src/share/vm/prims/jvm.cpp:1235
Event: 299,258 Thread 0x00007ffb448f1000 Threw 0x00000007e067e3b8 at /HUDSON/workspace/jdk7u25-2-build-linux-amd64-product/jdk7u25/hotspot/src/share/vm/prims/jni.cpp:1631
Event: 299,258 Thread 0x00007ffb448f1000 Threw 0x00000007e0688fb0 at /HUDSON/workspace/jdk7u25-2-build-linux-amd64-product/jdk7u25/hotspot/src/share/vm/prims/jni.cpp:1631
Event: 299,260 Thread 0x00007ffb448f1000 Implicit null exception at 0x00007ffb40eaeaff to 0x00007ffb40eaf785
Event: 299,260 Thread 0x00007ffb448f1000 Threw 0x00000007e06baa98 at /HUDSON/workspace/jdk7u25-2-build-linux-amd64-product/jdk7u25/hotspot/src/share/vm/prims/jni.cpp:1631
Event: 299,260 Thread 0x00007ffb448f1000 Threw 0x00000007e06bb240 at /HUDSON/workspace/jdk7u25-2-build-linux-amd64-product/jdk7u25/hotspot/src/share/vm/prims/jni.cpp:1631
Event: 299,449 Thread 0x00007ffb448f1000 Threw 0x00000007e06f51e0 at /HUDSON/workspace/jdk7u25-2-build-linux-amd64-product/jdk7u25/hotspot/src/share/vm/prims/jni.cpp:1631
Event: 299,449 Thread 0x00007ffb448f1000 Threw 0x00000007e06fca20 at /HUDSON/workspace/jdk7u25-2-build-linux-amd64-product/jdk7u25/hotspot/src/share/vm/prims/jni.cpp:1631
Event: 299,473 Thread 0x00007ffb44010800 Threw 0x00000007e1a84fb0 at /HUDSON/workspace/jdk7u25-2-build-linux-amd64-product/jdk7u25/hotspot/src/share/vm/prims/jvm.cpp:1235
Event: 384,720 Thread 0x00007ffb448f1000 Implicit null exception at 0x00007ffb40e01ad6 to 0x00007ffb40e04475

Events (10 events):
Event: 435,732 Thread 0x00007ffb448f1000 DEOPT UNPACKING pc=0x00007ffb403b7145 sp=0x00007ffb36af32e0 mode 2
Event: 436,833 Executing VM operation: ParallelGCFailedAllocation
Event: 437,468 Executing VM operation: ParallelGCFailedAllocation done
Event: 441,157 Executing VM operation: ParallelGCFailedAllocation
Event: 441,523 Executing VM operation: ParallelGCFailedAllocation done
Event: 442,001 Executing VM operation: ParallelGCFailedAllocation
Event: 442,396 Executing VM operation: ParallelGCFailedAllocation done
Event: 445,843 Executing VM operation: ParallelGCFailedAllocation
Event: 446,423 Executing VM operation: ParallelGCFailedAllocation done
Event: 447,974 Executing VM operation: ParallelGCFailedAllocation


Dynamic libraries:
00400000-00401000 r-xp 00000000 08:01 9702226                            /usr/local/java/jdk1.7.0_25/jre/bin/java
00600000-00601000 rw-p 00000000 08:01 9702226                            /usr/local/java/jdk1.7.0_25/jre/bin/java
01a7d000-01a9e000 rw-p 00000000 00:00 0                                  [heap]
77ae00000-77d890000 rw-p 00000000 00:00 0 
77d890000-77dc70000 ---p 00000000 00:00 0 
77dc70000-780000000 rw-p 00000000 00:00 0 
780000000-7d5560000 rw-p 00000000 00:00 0 
7d5560000-800000000 rw-p 00000000 00:00 0 
7ffad4000000-7ffad4081000 rw-p 00000000 00:00 0 
7ffad4081000-7ffad8000000 ---p 00000000 00:00 0 
7ffad8000000-7ffad8021000 rw-p 00000000 00:00 0 
7ffad8021000-7ffadc000000 ---p 00000000 00:00 0 
7ffadc000000-7ffadc021000 rw-p 00000000 00:00 0 
7ffadc021000-7ffae0000000 ---p 00000000 00:00 0 
7ffae0000000-7ffae0021000 rw-p 00000000 00:00 0 
7ffae0021000-7ffae4000000 ---p 00000000 00:00 0 
7ffae4000000-7ffae4042000 rw-p 00000000 00:00 0 
7ffae4042000-7ffae8000000 ---p 00000000 00:00 0 
7ffae8000000-7ffae80a7000 rw-p 00000000 00:00 0 
7ffae80a7000-7ffaec000000 ---p 00000000 00:00 0 
7ffaec000000-7ffaec021000 rw-p 00000000 00:00 0 
7ffaec021000-7ffaf0000000 ---p 00000000 00:00 0 
7ffaf0000000-7ffaf01b1000 rw-p 00000000 00:00 0 
7ffaf01b1000-7ffaf4000000 ---p 00000000 00:00 0 
7ffaf4000000-7ffaf4021000 rw-p 00000000 00:00 0 
7ffaf4021000-7ffaf8000000 ---p 00000000 00:00 0 
7ffaf8000000-7ffaf80f4000 rw-p 00000000 00:00 0 
7ffaf80f4000-7ffafc000000 ---p 00000000 00:00 0 
7ffafc000000-7ffaff993000 rw-p 00000000 00:00 0 
7ffaff993000-7ffb00000000 ---p 00000000 00:00 0 
7ffb00000000-7ffb00021000 rw-p 00000000 00:00 0 
7ffb00021000-7ffb04000000 ---p 00000000 00:00 0 
7ffb04000000-7ffb04021000 rw-p 00000000 00:00 0 
7ffb04021000-7ffb08000000 ---p 00000000 00:00 0 
7ffb08000000-7ffb0bcdb000 rw-p 00000000 00:00 0 
7ffb0bcdb000-7ffb0c000000 ---p 00000000 00:00 0 
7ffb0c000000-7ffb0c021000 rw-p 00000000 00:00 0 
7ffb0c021000-7ffb10000000 ---p 00000000 00:00 0 
7ffb10000000-7ffb10021000 rw-p 00000000 00:00 0 
7ffb10021000-7ffb14000000 ---p 00000000 00:00 0 
7ffb14000000-7ffb14041000 rw-p 00000000 00:00 0 
7ffb14041000-7ffb18000000 ---p 00000000 00:00 0 
7ffb1bd70000-7ffb20000000 rw-p 00000000 00:00 0 
7ffb20000000-7ffb20695000 rw-p 00000000 00:00 0 
7ffb20695000-7ffb24000000 ---p 00000000 00:00 0 
7ffb28000000-7ffb28441000 rw-p 00000000 00:00 0 
7ffb28441000-7ffb2c000000 ---p 00000000 00:00 0 
7ffb30000000-7ffb3050e000 rw-p 00000000 00:00 0 
7ffb3050e000-7ffb34000000 ---p 00000000 00:00 0 
7ffb368f2000-7ffb368f3000 rw-p 00000000 00:00 0 
7ffb368f3000-7ffb368f6000 ---p 00000000 00:00 0 
7ffb368f6000-7ffb369f4000 rw-p 00000000 00:00 0                          [stack:16191]
7ffb369f4000-7ffb369f7000 ---p 00000000 00:00 0 
7ffb369f7000-7ffb36af5000 rw-p 00000000 00:00 0                          [stack:16190]
7ffb36af5000-7ffb36af8000 ---p 00000000 00:00 0 
7ffb36af8000-7ffb36bf6000 rw-p 00000000 00:00 0                          [stack:16189]
7ffb36bf6000-7ffb36bf9000 ---p 00000000 00:00 0 
7ffb36bf9000-7ffb36c1e000 rw-p 00000000 00:00 0                          [stack:16187]
7ffb36c1e000-7ffb36c21000 ---p 00000000 00:00 0 
7ffb36c21000-7ffb36d1f000 rw-p 00000000 00:00 0                          [stack:16188]
7ffb36d1f000-7ffb36d22000 ---p 00000000 00:00 0 
7ffb36d22000-7ffb36e20000 rw-p 00000000 00:00 0                          [stack:15732]
7ffb36e20000-7ffb36e2a000 r--s 00254000 08:01 9702037                    /usr/local/java/jdk1.7.0_25/jre/lib/resources.jar
7ffb36e2a000-7ffb36e30000 r-xp 00000000 08:01 9702171                    /usr/local/java/jdk1.7.0_25/jre/lib/amd64/headless/libmawt.so
7ffb36e30000-7ffb37030000 ---p 00006000 08:01 9702171                    /usr/local/java/jdk1.7.0_25/jre/lib/amd64/headless/libmawt.so
7ffb37030000-7ffb37031000 rw-p 00006000 08:01 9702171                    /usr/local/java/jdk1.7.0_25/jre/lib/amd64/headless/libmawt.so
7ffb37031000-7ffb370d4000 r-xp 00000000 08:01 9702161                    /usr/local/java/jdk1.7.0_25/jre/lib/amd64/libawt.so
7ffb370d4000-7ffb372d4000 ---p 000a3000 08:01 9702161                    /usr/local/java/jdk1.7.0_25/jre/lib/amd64/libawt.so
7ffb372d4000-7ffb372e0000 rw-p 000a3000 08:01 9702161                    /usr/local/java/jdk1.7.0_25/jre/lib/amd64/libawt.so
7ffb372e0000-7ffb37304000 rw-p 00000000 00:00 0 
7ffb37304000-7ffb37307000 ---p 00000000 00:00 0 
7ffb37307000-7ffb37405000 rw-p 00000000 00:00 0                          [stack:15686]
7ffb37405000-7ffb3740d000 r-xp 00000000 08:01 9702155                    /usr/local/java/jdk1.7.0_25/jre/lib/amd64/libmanagement.so
7ffb3740d000-7ffb3760c000 ---p 00008000 08:01 9702155                    /usr/local/java/jdk1.7.0_25/jre/lib/amd64/libmanagement.so
7ffb3760c000-7ffb3760d000 rw-p 00007000 08:01 9702155                    /usr/local/java/jdk1.7.0_25/jre/lib/amd64/libmanagement.so
7ffb3760d000-7ffb37611000 r--s 0008a000 08:01 9702116                    /usr/local/java/jdk1.7.0_25/jre/lib/jsse.jar
7ffb37611000-7ffb37613000 r--s 00001000 08:01 9702111                    /usr/local/java/jdk1.7.0_25/jre/lib/ext/dnsns.jar
7ffb37613000-7ffb37617000 r--s 000f7000 08:01 9702106                    /usr/local/java/jdk1.7.0_25/jre/lib/ext/localedata.jar
7ffb37617000-7ffb37618000 r--s 00010000 08:01 9702108                    /usr/local/java/jdk1.7.0_25/jre/lib/ext/zipfs.jar
7ffb37618000-7ffb3761c000 r--s 0002d000 08:01 9702109                    /usr/local/java/jdk1.7.0_25/jre/lib/ext/sunjce_provider.jar
7ffb3761c000-7ffb37620000 r--s 00037000 08:01 9702112                    /usr/local/java/jdk1.7.0_25/jre/lib/ext/sunpkcs11.jar
7ffb37620000-7ffb37621000 r--s 00003000 08:01 9702107                    /usr/local/java/jdk1.7.0_25/jre/lib/ext/sunec.jar
7ffb37621000-7ffb37636000 r-xp 00000000 08:01 9702153                    /usr/local/java/jdk1.7.0_25/jre/lib/amd64/libnet.so
7ffb37636000-7ffb37836000 ---p 00015000 08:01 9702153                    /usr/local/java/jdk1.7.0_25/jre/lib/amd64/libnet.so
7ffb37836000-7ffb37837000 rw-p 00015000 08:01 9702153                    /usr/local/java/jdk1.7.0_25/jre/lib/amd64/libnet.so
7ffb37837000-7ffb37847000 r-xp 00000000 08:01 9702204                    /usr/local/java/jdk1.7.0_25/jre/lib/amd64/libnio.so
7ffb37847000-7ffb37a47000 ---p 00010000 08:01 9702204                    /usr/local/java/jdk1.7.0_25/jre/lib/amd64/libnio.so
7ffb37a47000-7ffb37a48000 rw-p 00010000 08:01 9702204                    /usr/local/java/jdk1.7.0_25/jre/lib/amd64/libnio.so
7ffb37a48000-7ffb37a4b000 ---p 00000000 00:00 0 
7ffb37a4b000-7ffb37b49000 rw-p 00000000 00:00 0                          [stack:15672]
7ffb37b49000-7ffb37b4c000 ---p 00000000 00:00 0 
7ffb37b4c000-7ffb37cb6000 rw-p 00000000 00:00 0                          [stack:15673]
7ffb37cb6000-7ffb37e79000 r--s 01de6000 08:01 10619664                   /home/jumper/.m2/repository/com/google/gwt/gwt-dev/2.5.0/gwt-dev-2.5.0.jar
7ffb37e79000-7ffb37e7d000 r--s 00031000 08:01 10094011                   /home/jumper/.m2/repository/com/jcraft/jsch/0.1.44-1/jsch-0.1.44-1.jar
7ffb37e7d000-7ffb37e98000 r--s 00178000 08:01 10619605                   /home/jumper/.m2/repository/org/eclipse/jgit/org.eclipse.jgit/2.3.1.201302201838-r/org.eclipse.jgit-2.3.1.201302201838-r.jar
7ffb37e98000-7ffb37e9b000 r--s 00011000 08:01 10748051                   /home/jumper/.m2/repository/org/eclipse/jgit/org.eclipse.jgit.http.server/2.3.1.201302201838-r/org.eclipse.jgit.http.server-2.3.1.201302201838-r.jar
7ffb37e9b000-7ffb37e9e000 r--s 00012000 08:01 10619807                   /home/jumper/.m2/repository/javax/servlet/javax.servlet-api/3.0.1/javax.servlet-api-3.0.1.jar
7ffb37e9e000-7ffb37eaa000 r--s 0009f000 08:01 10748057                   /home/jumper/.m2/repository/com/google/guava/guava-gwt/12.0.1/guava-gwt-12.0.1.jar
7ffb37eaa000-7ffb37ead000 r--s 00006000 08:01 10619629                   /home/jumper/.m2/repository/com/google/code/findbugs/jsr305/1.3.9/jsr305-1.3.9.jar
7ffb37ead000-7ffb37ecf000 r--s 00195000 08:01 10619792                   /home/jumper/.m2/repository/com/google/guava/guava/12.0.1/guava-12.0.1.jar
7ffb37ecf000-7ffb37ed5000 r--s 0002e000 08:01 10491267                   /home/jumper/IdeaProjects/ide/codenvy-factory/target/codenvy-factory-2.7.0-SNAPSHOT.jar
7ffb37ed5000-7ffb37ee3000 r--s 0007e000 08:01 11673418                   /home/jumper/IdeaProjects/ide/exo-ide-extension-samples/target/exo-ide-extension-samples-2.7.0-SNAPSHOT.jar
7ffb37ee3000-7ffb37eec000 r--s 0006d000 08:01 10619632                   /home/jumper/.m2/repository/log4j/log4j/1.2.16/log4j-1.2.16.jar
7ffb37eec000-7ffb37ef0000 r--s 00033000 08:01 9831864                    /home/jumper/.m2/repository/org/codehaus/plexus/plexus-utils/2.0.5/plexus-utils-2.0.5.jar
7ffb37ef0000-7ffb37ef4000 r--s 0001d000 08:01 10620007                   /home/jumper/.m2/repository/com/google/gwt/inject/gin/1.5.0/gin-1.5.0.jar
7ffb37ef4000-7ffb37ef6000 r--s 00008000 08:01 10620004                   /home/jumper/.m2/repository/com/google/inject/extensions/guice-assistedinject/3.0-rc2/guice-assistedinject-3.0-rc2.jar
7ffb37ef6000-7ffb37ef8000 r--s 00000000 08:01 10620010                   /home/jumper/.m2/repository/aopalliance/aopalliance/1.0/aopalliance-1.0.jar
7ffb37ef8000-7ffb37f07000 r--s 0009f000 08:01 10620015                   /home/jumper/.m2/repository/com/google/inject/guice/3.0/guice-3.0.jar
7ffb37f07000-7ffb37f0b000 r--s 00015000 08:01 10620017                   /home/jumper/.m2/repository/com/google/gwt/inject/gin/1.5.0/gin-1.5.0-sources.jar
7ffb37f0b000-7ffb37f0c000 r--s 00000000 08:01 9968305                    /home/jumper/.m2/repository/javax/inject/javax.inject/1/javax.inject-1.jar
7ffb37f0c000-7ffb37f20000 r--s 000fe000 08:01 10619659                   /home/jumper/.m2/repository/org/apache/lucene/lucene-core/2.9.4/lucene-core-2.9.4.jar
7ffb37f20000-7ffb37f22000 r--s 00016000 08:01 11406815                   /home/jumper/IdeaProjects/ide/exo-ide-vfs-fs/target/exo-ide-vfs-fs-2.7.0-SNAPSHOT.jar
7ffb37f22000-7ffb37f2b000 r--s 0004f000 08:01 11406701                   /home/jumper/IdeaProjects/ide/exo-ide-vfs/target/exo-ide-vfs-2.7.0-SNAPSHOT.jar
7ffb37f2b000-7ffb37f2c000 r--s 00002000 08:01 11275767                   /home/jumper/.m2/repository/com/codenvy/organization/codenvy-organization-invite/0.7.0-SNAPSHOT/codenvy-organization-invite-0.7.0-SNAPSHOT.jar
7ffb37f2c000-7ffb37f30000 r--s 00020000 08:01 10880578                   /home/jumper/.m2/repository/com/codenvy/organization/codenvy-organization-api/0.7.0-SNAPSHOT/codenvy-organization-api-0.7.0-SNAPSHOT.jar
7ffb37f30000-7ffb37f33000 r--s 00010000 08:01 11275676                   /home/jumper/.m2/repository/com/github/dcarter/gdata-java-client/gdata-contacts-3.0/1.47.1/gdata-contacts-3.0-1.47.1.jar
7ffb37f33000-7ffb37f37000 r--s 0001c000 08:01 11275675                   /home/jumper/.m2/repository/com/github/dcarter/gdata-java-client/gdata-client-1.0/1.47.1/gdata-client-1.0-1.47.1.jar
7ffb37f37000-7ffb37f4a000 r--s 000eb000 08:01 11275674                   /home/jumper/.m2/repository/com/github/dcarter/gdata-java-client/gdata-core-1.0/1.47.1/gdata-core-1.0-1.47.1.jar
7ffb37f4a000-7ffb37f4b000 r--s 00000000 08:01 10357034                   /home/jumper/.m2/repository/net/jcip/jcip-annotations/1.0/jcip-annotations-1.0.jar
7ffb37f4b000-7ffb37f4f000 r--s 00032000 08:01 10228667                   /home/jumper/.m2/repository/org/openid4java/openid4java-nodeps/0.9.6/openid4java-nodeps-0.9.6.jar
7ffb37f4f000-7ffb37fa8000 r--s 00579000 08:01 11275814                   /home/jumper/.m2/repository/org/codehaus/groovy/groovy-all/1.8.1/groovy-all-1.8.1.jar
7ffb37fa8000-7ffb37faa000 r--s 00006000 08:01 11142787                   /home/jumper/.m2/repository/org/everrest/everrest-groovy/1.1.1/everrest-groovy-1.1.1.jar
7ffb37faa000-7ffb37fae000 r--s 00032000 08:01 11142786                   /home/jumper/.m2/repository/org/everrest/everrest-httpclient/1.1.1/everrest-httpclient-1.1.1.jar
7ffb37fae000-7ffb37fb0000 r--s 0000c000 08:01 11010677                   /home/jumper/.m2/repository/org/everrest/everrest-integration-exo/1.1.1/everrest-integration-exo-1.1.1.jar
7ffb37fb0000-7ffb37fb4000 r--s 00020000 08:01 10094005                   /home/jumper/.m2/repository/org/apache/commons/commons-compress/1.0/commons-compress-1.0.jar
7ffb37fb4000-7ffb37fb6000 r--s 00006000 08:01 10880579                   /home/jumper/.m2/repository/com/codenvy/organization/codenvy-organization-api-java-client/0.7.0-SNAPSHOT/codenvy-organization-api-java-client-0.7.0-SNAPSHOT.jar
7ffb37fb6000-7ffb37fb8000 r--s 00002000 08:01 11275765                   /home/jumper/.m2/repository/com/codenvy/commons/codenvy-commons-servlet/0.8.0-SNAPSHOT/codenvy-commons-servlet-0.8.0-SNAPSHOT.jar
7ffb37fb8000-7ffb37fb9000 r--s 00002000 08:01 10750365                   /home/jumper/.m2/repository/com/codenvy/commons/codenvy-commons-mail-client/0.8.0-SNAPSHOT/codenvy-commons-mail-client-0.8.0-SNAPSHOT.jar
7ffb37fb9000-7ffb37fbc000 r--s 00013000 08:01 11407030                   /home/jumper/IdeaProjects/ide/exo-ide-server/target/exo-ide-server-2.7.0-SNAPSHOT.jar
7ffb37fbc000-7ffb37fbf000 r--s 00013000 08:01 10093966                   /home/jumper/.m2/repository/commons-io/commons-io/1.3.2/commons-io-1.3.2.jar
7ffb37fbf000-7ffb37fc6000 r--s 00046000 08:01 11797128                   /home/jumper/IdeaProjects/ide/exo-ide-shell/target/exo-ide-shell-2.7.0-SNAPSHOT.jar
7ffb37fc6000-7ffb37fcc000 r--s 00033000 08:01 11012058                   /home/jumper/IdeaProjects/ide/exo-ide-commons/target/exo-ide-commons-2.7.0-SNAPSHOT.jar
7ffb37fcc000-7ffb37fd1000 r--s 0002e000 08:01 10619851                   /home/jumper/.m2/repository/asm/asm-all/3.3.1/asm-all-3.3.1.jar
7ffb37fd1000-7ffb38000000 r--s 0753c000 08:01 10619922                   /home/jumper/.m2/repository/com/google/appengine/appengine-java-sdk/1.7.7/appengine-java-sdk-1.7.7.zip
7ffb38000000-7ffb38484000 rw-p 00000000 00:00 0 
7ffb38484000-7ffb3c000000 ---p 00000000 00:00 0 
7ffb3c000000-7ffb3c001000 r--s 00002000 08:01 11797155                   /home/jumper/IdeaProjects/ide/exo-ide-websocket/target/exo-ide-websocket-2.7.0-SNAPSHOT.jar
7ffb3c001000-7ffb3c003000 r--s 00004000 08:01 11537917                   /home/jumper/IdeaProjects/ide/exo-ide-codeassistant-asm/target/exo-ide-codeassistant-asm-2.7.0-SNAPSHOT.jar
7ffb3c003000-7ffb3c008000 r--s 00041000 08:01 10619919                   /home/jumper/.m2/repository/commons-lang/commons-lang/2.6/commons-lang-2.6.jar
7ffb3c008000-7ffb3c00c000 r--s 00034000 08:01 10619628                   /home/jumper/.m2/repository/org/codehaus/jackson/jackson-core-asl/1.9.4/jackson-core-asl-1.9.4.jar
7ffb3c00c000-7ffb3c058000 r--s 00255000 08:01 11144529                   /home/jumper/IdeaProjects/ide/exo-ide-extension-googleappengine/target/exo-ide-extension-googleappengine-2.7.0-SNAPSHOT.jar
7ffb3c058000-7ffb3c05a000 r--s 00002000 08:01 11275798                   /home/jumper/.m2/repository/com/codenvy/commons/codenvy-commons-log-reader/0.8.0-SNAPSHOT/codenvy-commons-log-reader-0.8.0-SNAPSHOT.jar
7ffb3c05a000-7ffb3c05d000 r--s 0000a000 08:01 11673492                   /home/jumper/IdeaProjects/ide/exo-ide-extension-logreader/target/exo-ide-extension-logreader-2.7.0-SNAPSHOT.jar
7ffb3c05d000-7ffb3c05e000 r--s 00001000 08:01 9968295                    /home/jumper/.m2/repository/javax/annotation/jsr250-api/1.0/jsr250-api-1.0.jar
7ffb3c05e000-7ffb3c060000 r--s 00000000 08:01 11672402                   /home/jumper/IdeaProjects/ide/exo-ide-extension-ruby/target/exo-ide-extension-ruby-2.7.0-SNAPSHOT.jar
7ffb3c060000-7ffb3c064000 r--s 00017000 08:01 11668543                   /home/jumper/IdeaProjects/ide/exo-ide-extension-maven/target/exo-ide-extension-maven-2.7.0-SNAPSHOT.jar
7ffb3c064000-7ffb3c067000 r--s 0000c000 08:01 9968302                    /home/jumper/.m2/repository/commons-fileupload/commons-fileupload/1.2.1/commons-fileupload-1.2.1.jar
7ffb3c067000-7ffb3c06c000 r--s 0004a000 08:01 10619616                   /home/jumper/.m2/repository/com/google/protobuf/protobuf-java/2.2.0/protobuf-java-2.2.0.jar
7ffb3c06c000-7ffb3c070000 r--s 00028000 08:01 10619601                   /home/jumper/.m2/repository/com/google/code/gson/gson/2.1/gson-2.1.jar
7ffb3c070000-7ffb3c075000 r--s 0002d000 08:01 10619606                   /home/jumper/.m2/repository/com/google/http-client/google-http-client/1.9.0-beta/google-http-client-1.9.0-beta.jar
7ffb3c075000-7ffb3c078000 r--s 00010000 08:01 10488795                   /home/jumper/.m2/repository/com/google/oauth-client/google-oauth-client/1.9.0-beta/google-oauth-client-1.9.0-beta.jar
7ffb3c078000-7ffb3c07c000 r--s 00017000 08:01 10228664                   /home/jumper/.m2/repository/com/google/api-client/google-api-client/1.9.0-beta/google-api-client-1.9.0-beta.jar
7ffb3c07c000-7ffb3c07d000 r--s 00001000 08:01 10879666                   /home/jumper/.m2/repository/com/exoplatform/cloud-ide/cloud-ide-key/1.1-M13/cloud-ide-key-1.1-M13-M13.jar
7ffb3c07d000-7ffb3c080000 r--s 0000b000 08:01 10750377                   /home/jumper/.m2/repository/com/codenvy/commons/codenvy-commons-security/0.8.0-SNAPSHOT/codenvy-commons-security-0.8.0-SNAPSHOT.jar
7ffb3c080000-7ffb3c083000 r--s 0000a000 08:01 11406914                   /home/jumper/IdeaProjects/ide/exo-ide-security/target/exo-ide-security-2.7.0-SNAPSHOT.jar
7ffb3c083000-7ffb3c088000 r--s 00028000 08:01 10619774                   /home/jumper/.m2/repository/org/apache/httpcomponents/httpcore/4.1/httpcore-4.1.jar
7ffb3c088000-7ffb3c090000 r--s 0004e000 08:01 10619763                   /home/jumper/.m2/repository/org/apache/httpcomponents/httpclient/4.1/httpclient-4.1.jar
7ffb3c090000-7ffb3c131000 r--s 00602000 08:01 10619781                   /home/jumper/.m2/repository/com/amazonaws/aws-java-sdk/1.3.17/aws-java-sdk-1.3.17.jar
7ffb3c131000-7ffb3c14c000 r--s 000e3000 08:01 11144524                   /home/jumper/IdeaProjects/ide/exo-ide-extension-aws/target/exo-ide-extension-aws-2.7.0-SNAPSHOT.jar
7ffb3c14c000-7ffb3c14e000 r--s 00014000 08:01 10748037                   /home/jumper/.m2/repository/org/jboss/jboss-dmr/1.0.0.Final/jboss-dmr-1.0.0.Final.jar
7ffb3c14e000-7ffb3c153000 r--s 00025000 08:01 10748034                   /home/jumper/.m2/repository/com/openshift/openshift-java-client/2.0.1/openshift-java-client-2.0.1.jar
7ffb3c153000-7ffb3c160000 r--s 00069000 08:01 11671232                   /home/jumper/IdeaProjects/ide/exo-ide-extension-openshift/target/exo-ide-extension-openshift-2.7.0-SNAPSHOT.jar
7ffb3c160000-7ffb3c16d000 r--s 00066000 08:01 11670811                   /home/jumper/IdeaProjects/ide/exo-ide-extension-heroku/target/exo-ide-extension-heroku-2.7.0-SNAPSHOT.jar
7ffb3c16d000-7ffb3c17f000 r--s 00096000 08:01 11673006                   /home/jumper/IdeaProjects/ide/exo-ide-extension-appfog/target/exo-ide-extension-appfog-2.7.0-SNAPSHOT.jar
7ffb3c17f000-7ffb3c194000 r--s 000a8000 08:01 11669479                   /home/jumper/IdeaProjects/ide/exo-ide-extension-cloudfoundry/target/exo-ide-extension-cloudfoundry-2.7.0-SNAPSHOT.jar
7ffb3c194000-7ffb3c197000 r--s 0000f000 08:01 10491275                   /home/jumper/IdeaProjects/ide/codenvy-extension-html-runtime/target/codenvy-extension-html-runtime-2.7.0-SNAPSHOT.jar
7ffb3c197000-7ffb3c19a000 r--s 00014000 08:01 11670268                   /home/jumper/IdeaProjects/ide/exo-ide-extension-php-runtime/target/exo-ide-extension-php-runtime-2.7.0-SNAPSHOT.jar
7ffb3c19a000-7ffb3c19e000 r--s 00014000 08:01 11670383                   /home/jumper/IdeaProjects/ide/exo-ide-extension-nodejs-runtime/target/exo-ide-extension-nodejs-runtime-2.7.0-SNAPSHOT.jar
7ffb3c19e000-7ffb3c1ac000 r--s 000b0000 08:01 10619764                   /home/jumper/.m2/repository/org/codehaus/jackson/jackson-mapper-asl/1.9.4/jackson-mapper-asl-1.9.4.jar
7ffb3c1ac000-7ffb3c1ae000 r--s 00005000 08:01 10748035                   /home/jumper/.m2/repository/stax/stax-api/1.0.1/stax-api-1.0.1.jar
7ffb3c1ae000-7ffb3c1b0000 r--s 0000c000 08:01 10748025                   /home/jumper/.m2/repository/org/codehaus/jettison/jettison/1.0.1/jettison-1.0.1.jar
7ffb3c1b0000-7ffb3c1b2000 r--s 00005000 08:01 10748042                   /home/jumper/.m2/repository/xpp3/xpp3_min/1.1.4c/xpp3_min-1.1.4c.jar
7ffb3c1b2000-7ffb3c1b3000 r--s 00001000 08:01 10748024                   /home/jumper/.m2/repository/xmlpull/xmlpull/1.1.3.1/xmlpull-1.1.3.1.jar
7ffb3c1b3000-7ffb3c1c0000 r--s 0006d000 08:01 10748031                   /home/jumper/.m2/repository/com/thoughtworks/xstream/xstream/1.4.1/xstream-1.4.1.jar
7ffb3c1c0000-7ffb3c1c6000 r--s 00045000 08:01 10748026                   /home/jumper/.m2/repository/commons-httpclient/commons-httpclient/3.1/commons-httpclient-3.1.jar
7ffb3c1c6000-7ffb3c1c7000 r--s 00003000 08:01 10620016                   /home/jumper/.m2/repository/com/cloudbees/cloudbees-api-core/1.4.0/cloudbees-api-core-1.4.0.jar
7ffb3c1c7000-7ffb3c1ca000 r--s 00011000 08:01 10620003                   /home/jumper/.m2/repository/com/cloudbees/cloudbees-api-client/1.4.0/cloudbees-api-client-1.4.0.jar
7ffb3c1ca000-7ffb3c1d0000 r--s 00033000 08:01 10094014                   /home/jumper/.m2/repository/commons-codec/commons-codec/1.6/commons-codec-1.6.jar
7ffb3c1d0000-7ffb3c1d4000 r--s 00017000 08:01 11276342                   /home/jumper/IdeaProjects/ide/exo-ide-extension-jenkins/target/exo-ide-extension-jenkins-2.7.0-SNAPSHOT.jar
7ffb3c1d4000-7ffb3c1d7000 r--s 000a6000 08:01 10749570                   /home/jumper/.m2/repository/net/java/dev/jna/jna/3.5.2/jna-3.5.2.jar
7ffb3c1d7000-7ffb3c1dc000 r--s 0001c000 08:01 11540383                   /home/jumper/IdeaProjects/ide/exo-ide-extension-ssh/target/exo-ide-extension-ssh-2.7.0-SNAPSHOT.jar
7ffb3c1dc000-7ffb3c1df000 r--s 00011000 08:01 10750017                   /home/jumper/.m2/repository/com/codenvy/platform-api/codenvy-api-core/1.0-SNAPSHOT/codenvy-api-core-1.0-SNAPSHOT.jar
7ffb3c1df000-7ffb3c1f6000 r--s 000d1000 08:01 11145469                   /home/jumper/IdeaProjects/ide/exo-ide-extension-git/target/exo-ide-extension-git-2.7.0-SNAPSHOT.jar
7ffb3c1f6000-7ffb3c200000 r--s 00047000 08:01 11671534                   /home/jumper/IdeaProjects/ide/exo-ide-extension-cloudbees/target/exo-ide-extension-cloudbees-2.7.0-SNAPSHOT.jar
7ffb3c200000-7ffb3c202000 r--s 00006000 08:01 10750361                   /home/jumper/.m2/repository/com/codenvy/commons/codenvy-commons-lang/0.8.0-SNAPSHOT/codenvy-commons-lang-0.8.0-SNAPSHOT.jar
7ffb3c202000-7ffb3c206000 r--s 00014000 08:01 11670162                   /home/jumper/IdeaProjects/ide/exo-ide-extension-python-runtime/target/exo-ide-extension-python-runtime-2.7.0-SNAPSHOT.jar
7ffb3c206000-7ffb3c209000 r--s 00022000 08:01 10748058                   /home/jumper/.m2/repository/org/antlr/stringtemplate/3.2.1/stringtemplate-3.2.1.jar
7ffb3c209000-7ffb3c20c000 r--s 00025000 08:01 10748052                   /home/jumper/.m2/repository/org/antlr/antlr-runtime/3.3/antlr-runtime-3.3.jar
7ffb3c20c000-7ffb3c215000 r--s 000d3000 08:01 10748036                   /home/jumper/.m2/repository/org/antlr/antlr/3.3/antlr-3.3.jar
7ffb3c215000-7ffb3c280000 r--s 00e18000 08:01 9701390                    /usr/local/java/jdk1.7.0_25/lib/tools.jar
7ffb3c280000-7ffb3c291000 r--s 000e7000 08:01 11144510                   /home/jumper/IdeaProjects/ide/exo-ide-extension-java-runtime/target/exo-ide-extension-java-runtime-2.7.0-SNAPSHOT.jar
7ffb3c291000-7ffb3c292000 r--s 00002000 08:01 10750369                   /home/jumper/.m2/repository/com/codenvy/commons/codenvy-commons-json/0.8.0-SNAPSHOT/codenvy-commons-json-0.8.0-SNAPSHOT.jar
7ffb3c292000-7ffb3c295000 r--s 0000c000 08:01 11538039                   /home/jumper/IdeaProjects/ide/exo-ide-codeassistant-storage-lucene/target/exo-ide-codeassistant-storage-lucene-2.7.0-SNAPSHOT.jar
7ffb3c295000-7ffb3c297000 r--s 00005000 08:01 10094010                   /home/jumper/.m2/repository/org/slf4j/slf4j-api/1.6.1/slf4j-api-1.6.1.jar
7ffb3c297000-7ffb3c299000 r--s 0000b000 08:01 11275830                   /home/jumper/.m2/repository/org/jibx/jibx-extras/1.2.2/jibx-extras-1.2.2.jar
7ffb3c299000-7ffb3c29b000 r--s 00006000 08:01 11275826                   /home/jumper/.m2/repository/regexp/regexp/1.2/regexp-1.2.jar
7ffb3c29b000-7ffb3c2a4000 r--s 00075000 08:01 11275824                   /home/jumper/.m2/repository/bcel/bcel/5.1/bcel-5.1.jar
7ffb3c2a4000-7ffb3c2a9000 r--s 00066000 08:01 11275822                   /home/jumper/.m2/repository/org/jibx/jibx-bind/1.2.2/jibx-bind-1.2.2.jar
7ffb3c2a9000-7ffb3c2ac000 r--s 0001f000 08:01 11275821                   /home/jumper/.m2/repository/org/jibx/jibx-run/1.2.2/jibx-run-1.2.2.jar
7ffb3c2ac000-7ffb3c2b1000 r--s 00034000 08:01 11275818                   /home/jumper/.m2/repository/commons-beanutils/commons-beanutils/1.8.3/commons-beanutils-1.8.3.jar
7ffb3c2b1000-7ffb3c2b4000 r--s 0000e000 08:01 10619617                   /home/jumper/.m2/repository/jmock/jmock/1.0.1/jmock-1.0.1.jar
7ffb3c2b4000-7ffb3c2b7000 r--s 00010000 08:01 10619592                   /home/jumper/.m2/repository/picocontainer/picocontainer/1.1/picocontainer-1.1.jar
7ffb3c2b7000-7ffb3c2c0000 r--s 0007b000 08:01 11142790                   /home/jumper/.m2/repository/org/exoplatform/kernel/exo.kernel.container/2.3.9-GA/exo.kernel.container-2.3.9-GA.jar
7ffb3c2c0000-7ffb3c2c2000 r--s 0000d000 08:01 10357031                   /home/jumper/.m2/repository/commons-logging/commons-logging/1.1.1/commons-logging-1.1.1.jar
7ffb3c2c2000-7ffb3c2c5000 r--s 0001b000 08:01 10619762                   /home/jumper/.m2/repository/xpp3/xpp3/1.1.4c/xpp3-1.1.4c.jar
7ffb3c2c5000-7ffb3c2c7000 r--s 0001c000 08:01 9968695                    /home/jumper/.m2/repository/eu/medsea/mimeutil/mime-util/2.1.3/mime-util-2.1.3.jar
7ffb3c2c7000-7ffb3c2cb000 r--s 0001a000 08:01 10879169                   /home/jumper/.m2/repository/org/exoplatform/kernel/exo.kernel.commons/2.3.9-GA/exo.kernel.commons-2.3.9-GA.jar
7ffb3c2cb000-7ffb3c2ce000 r--s 00013000 08:01 10491259                   /home/jumper/IdeaProjects/ide/exo-ide-codeassistant-api/target/exo-ide-codeassistant-api-2.7.0-SNAPSHOT.jar
7ffb3c2ce000-7ffb3c2d4000 r--s 00030000 08:01 11668808                   /home/jumper/IdeaProjects/ide/exo-ide-extension-java/target/exo-ide-extension-java-2.7.0-SNAPSHOT.jar
7ffb3c2d4000-7ffb3c2d6000 r--s 00018000 08:01 11275809                   /home/jumper/.m2/repository/javax/servlet/servlet-api/2.5/servlet-api-2.5.jar
7ffb3c2d6000-7ffb3c2f0000 r--s 00202000 08:01 11275807                   /home/jumper/.m2/repository/org/jgroups/jgroups/2.6.20.Final/jgroups-2.6.20.Final.jar
7ffb3c2f0000-7ffb3c2f7000 r--s 00072000 08:01 10879084                   /home/jumper/.m2/repository/javax/mail/mail/1.4.4/mail-1.4.4.jar
7ffb3c2f7000-7ffb3c2fb000 r--s 0005b000 08:01 11275806                   /home/jumper/.m2/repository/quartz/quartz/1.5.2/quartz-1.5.2.jar
7ffb3c2fb000-7ffb3c2fd000 r--s 0000f000 08:01 10749851                   /home/jumper/.m2/repository/javax/activation/activation/1.1.1/activation-1.1.1.jar
7ffb3c2fd000-7ffb3c303000 r--s 00053000 08:01 11275817                   /home/jumper/.m2/repository/javax/faces/jsf-api/1.2_13/jsf-api-1.2_13.jar
7ffb3c303000-7ffb3c305000 r--s 0000a000 08:01 10093161                   /home/jumper/.m2/repository/javax/portlet/portlet-api/2.0/portlet-api-2.0.jar
7ffb3c305000-7ffb3c307000 r--s 00006000 08:01 11275815                   /home/jumper/.m2/repository/org/exoplatform/tool/exo.tool.framework.junit/1.2.2-GA/exo.tool.framework.junit-1.2.2-GA.jar
7ffb3c307000-7ffb3c30b000 r--s 0001b000 08:01 11275808                   /home/jumper/.m2/repository/org/exoplatform/kernel/exo.kernel.component.common/2.3.9-GA/exo.kernel.component.common-2.3.9-GA.jar
7ffb3c30b000-7ffb3c30d000 r--s 0000d000 08:01 11142784                   /home/jumper/.m2/repository/org/exoplatform/core/exo.core.component.security.core/2.4.9-GA/exo.core.component.security.core-2.4.9-GA.jar
7ffb3c30d000-7ffb3c395000 r--s 00b66000 08:01 11410055                   /home/jumper/IdeaProjects/ide/eclipse-jdt-core/target/eclipse-jdt-core-2.7.0-SNAPSHOT.jar
7ffb3c395000-7ffb3c39e000 r--s 00063000 08:01 10750352                   /home/jumper/.m2/repository/org/everrest/everrest-core/1.1.1/everrest-core-1.1.1.jar
7ffb3c39e000-7ffb3c3e7000 r--s 00692000 08:01 11668388                   /home/jumper/IdeaProjects/ide/exo-ide-jdt-core/target/exo-ide-jdt-core-2.7.0-SNAPSHOT.jar
7ffb3c3e7000-7ffb3c3eb000 r--s 00025000 08:01 10881812                   /home/jumper/IdeaProjects/ide/exo-ide-editor-java/target/exo-ide-editor-java-2.7.0-SNAPSHOT.jar
7ffb3c3eb000-7ffb3c3ed000 r--s 00009000 08:01 9968296                    /home/jumper/.m2/repository/javax/ws/rs/jsr311-api/1.0/jsr311-api-1.0.jar
7ffb3c3ed000-7ffb3c3f1000 r--s 00028000 08:01 10619849                   /home/jumper/.m2/repository/com/thoughtworks/qdox/qdox/1.12/qdox-1.12.jar
7ffb3c3f1000-7ffb3c3f8000 r--s 00037000 08:01 11540814                   /home/jumper/IdeaProjects/ide/codenvy-ide-collaboration/target/codenvy-ide-collaboration-2.7.0-SNAPSHOT.jar
7ffb3c3f8000-7ffb3c3fa000 r--s 00002000 08:01 11665613                   /home/jumper/IdeaProjects/ide/exo-ide-editor-yaml/target/exo-ide-editor-yaml-2.7.0-SNAPSHOT.jar
7ffb3c3fa000-7ffb3c3fc000 r--s 00005000 08:01 11665580                   /home/jumper/IdeaProjects/ide/exo-ide-editor-python/target/exo-ide-editor-python-2.7.0-SNAPSHOT.jar
7ffb3c3fc000-7ffb3c401000 r--s 00025000 08:01 11540939                   /home/jumper/IdeaProjects/ide/exo-ide-editor-javascript/target/exo-ide-editor-javascript-2.7.0-SNAPSHOT.jar
7ffb3c401000-7ffb3c404000 r--s 00012000 08:01 11541023                   /home/jumper/IdeaProjects/ide/exo-ide-editor-css/target/exo-ide-editor-css-2.7.0-SNAPSHOT.jar
7ffb3c404000-7ffb3c408000 r--s 00022000 08:01 11541515                   /home/jumper/IdeaProjects/ide/exo-ide-editor-php/target/exo-ide-editor-php-2.7.0-SNAPSHOT.jar
7ffb3c408000-7ffb3c40d000 r--s 00026000 08:01 11541508                   /home/jumper/IdeaProjects/ide/exo-ide-editor-ruby/target/exo-ide-editor-ruby-2.7.0-SNAPSHOT.jar
7ffb3c40d000-7ffb3c410000 r--s 00017000 08:01 11541177                   /home/jumper/IdeaProjects/ide/exo-ide-editor-html/target/exo-ide-editor-html-2.7.0-SNAPSHOT.jar
7ffb3c410000-7ffb3c413000 r--s 00007000 08:01 11541083                   /home/jumper/IdeaProjects/ide/exo-ide-editor-xml/target/exo-ide-editor-xml-2.7.0-SNAPSHOT.jar
7ffb3c413000-7ffb3c437000 r--s 0013a000 08:01 11012066                   /home/jumper/IdeaProjects/ide/codenvy-gwtframework-ui/target/codenvy-gwtframework-ui-2.7.0-SNAPSHOT.jar
7ffb3c437000-7ffb3c43b000 r--s 0001e000 08:01 10491323                   /home/jumper/IdeaProjects/ide/codenvy-gwtframework-commons/target/codenvy-gwtframework-commons-2.7.0-SNAPSHOT.jar
7ffb3c43b000-7ffb3c43e000 r--s 0000a000 08:01 10881815                   /home/jumper/IdeaProjects/ide/exo-ide-editor-jsp/target/exo-ide-editor-jsp-2.7.0-SNAPSHOT.jar
7ffb3c43e000-7ffb3c45a000 r--s 000a7000 08:01 9968692                    /home/jumper/.m2/repository/com/google/gwt/gwt-elemental/collide/gwt-elemental-collide.jar
7ffb3c45a000-7ffb3c465000 r--s 00088000 08:01 11276285                   /home/jumper/IdeaProjects/ide/exo-ide-editor/target/exo-ide-editor-2.7.0-SNAPSHOT.jar
7ffb3c465000-7ffb3c46d000 r--s 00051000 08:01 10618560                   /home/jumper/IdeaProjects/ide/exo-ide-editor-api/target/exo-ide-editor-api-2.7.0-SNAPSHOT.jar
7ffb3c46d000-7ffb3c4a3000 r--s 00250000 08:01 11540238                   /home/jumper/IdeaProjects/ide/exo-ide-collabeditor/target/exo-ide-collabeditor-2.7.0-SNAPSHOT.jar
7ffb3c4a3000-7ffb3c4c1000 r--s 0014d000 08:01 11275813                   /home/jumper/.m2/repository/com/google/gwt/google-apis/gwt-gadgets/1.2.1/gwt-gadgets-1.2.1.jar
7ffb3c4c1000-7ffb3c4d7000 r--s 00088000 08:01 11537832                   /home/jumper/IdeaProjects/ide/exo-ide-framework-client/target/exo-ide-framework-client-2.7.0-SNAPSHOT.jar
7ffb3c4d7000-7ffb3c508000 r--s 001f3000 08:01 10491281                   /home/jumper/IdeaProjects/ide/exo-ide-client/target/exo-ide-client-2.7.0-SNAPSHOT.jar
7ffb3c508000-7ffb3c581000 r--s 00574000 08:01 10619641                   /home/jumper/.m2/repository/com/google/gwt/gwt-servlet/2.5.0/gwt-servlet-2.5.0.jar
7ffb3c581000-7ffb3c5bd000 rw-p 00000000 00:00 0 
7ffb3c5bd000-7ffb3c6c1000 r--s 01a51000 08:01 9834915                    /home/jumper/.m2/repository/com/google/gwt/gwt-user/2.5.0/gwt-user-2.5.0.jar
7ffb3c6c1000-7ffb3c6c2000 ---p 00000000 00:00 0 
7ffb3c6c2000-7ffb3c7c2000 rw-p 00000000 00:00 0                          [stack:15670]
7ffb3c7c2000-7ffb3c7c5000 ---p 00000000 00:00 0 
7ffb3c7c5000-7ffb3c8c3000 rw-p 00000000 00:00 0                          [stack:15669]
7ffb3c8c3000-7ffb3c8c6000 ---p 00000000 00:00 0 
7ffb3c8c6000-7ffb3c9c4000 rw-p 00000000 00:00 0                          [stack:15668]
7ffb3c9c4000-7ffb3c9c7000 ---p 00000000 00:00 0 
7ffb3c9c7000-7ffb3cac5000 rw-p 00000000 00:00 0                          [stack:15667]
7ffb3cac5000-7ffb3cac8000 ---p 00000000 00:00 0 
7ffb3cac8000-7ffb3cbc6000 rw-p 00000000 00:00 0                          [stack:15666]
7ffb3cbc6000-7ffb3d411000 r--p 00000000 08:01 2103284                    /usr/lib/locale/locale-archive
7ffb3d411000-7ffb3d414000 ---p 00000000 00:00 0 
7ffb3d414000-7ffb3d512000 rw-p 00000000 00:00 0                          [stack:15665]
7ffb3d512000-7ffb3d515000 ---p 00000000 00:00 0 
7ffb3d515000-7ffb3d613000 rw-p 00000000 00:00 0                          [stack:15664]
7ffb3d613000-7ffb3d614000 ---p 00000000 00:00 0 
7ffb3d614000-7ffb3e644000 rw-p 00000000 00:00 0                          [stack:15663]
7ffb3e644000-7ffb3e801000 r--s 039f9000 08:01 9701920                    /usr/local/java/jdk1.7.0_25/jre/lib/rt.jar
7ffb3e801000-7ffb3f8a5000 rw-p 00000000 00:00 0 
7ffb3f8a5000-7ffb3f8a6000 ---p 00000000 00:00 0 
7ffb3f8a6000-7ffb3f9a6000 rw-p 00000000 00:00 0                          [stack:15662]
7ffb3f9a6000-7ffb3f9a7000 ---p 00000000 00:00 0 
7ffb3f9a7000-7ffb3faa7000 rw-p 00000000 00:00 0                          [stack:15661]
7ffb3faa7000-7ffb3faa8000 ---p 00000000 00:00 0 
7ffb3faa8000-7ffb3fba8000 rw-p 00000000 00:00 0                          [stack:15660]
7ffb3fba8000-7ffb3fba9000 ---p 00000000 00:00 0 
7ffb3fba9000-7ffb3ff54000 rw-p 00000000 00:00 0                          [stack:15659]
7ffb3ff54000-7ffb3ff6a000 rw-p 00000000 00:00 0 
7ffb3ff6a000-7ffb3ff6c000 ---p 00000000 00:00 0 
7ffb3ff6c000-7ffb3ff7d000 rw-p 00000000 00:00 0 
7ffb3ff7d000-7ffb40227000 rw-p 00000000 00:00 0 
7ffb40227000-7ffb4037d000 rw-p 00000000 00:00 0 
7ffb4037d000-7ffb4037e000 rw-p 00000000 00:00 0 
7ffb4037e000-7ffb4179e000 rwxp 00000000 00:00 0 
7ffb4179e000-7ffb4337e000 rw-p 00000000 00:00 0 
7ffb4337e000-7ffb43399000 r-xp 00000000 08:01 9702178                    /usr/local/java/jdk1.7.0_25/jre/lib/amd64/libzip.so
7ffb43399000-7ffb43598000 ---p 0001b000 08:01 9702178                    /usr/local/java/jdk1.7.0_25/jre/lib/amd64/libzip.so
7ffb43598000-7ffb43599000 rw-p 0001a000 08:01 9702178                    /usr/local/java/jdk1.7.0_25/jre/lib/amd64/libzip.so
7ffb43599000-7ffb435a5000 r-xp 00000000 08:01 2887357                    /lib/x86_64-linux-gnu/libnss_files-2.17.so
7ffb435a5000-7ffb437a4000 ---p 0000c000 08:01 2887357                    /lib/x86_64-linux-gnu/libnss_files-2.17.so
7ffb437a4000-7ffb437a5000 r--p 0000b000 08:01 2887357                    /lib/x86_64-linux-gnu/libnss_files-2.17.so
7ffb437a5000-7ffb437a6000 rw-p 0000c000 08:01 2887357                    /lib/x86_64-linux-gnu/libnss_files-2.17.so
7ffb437a6000-7ffb437b1000 r-xp 00000000 08:01 2887361                    /lib/x86_64-linux-gnu/libnss_nis-2.17.so
7ffb437b1000-7ffb439b0000 ---p 0000b000 08:01 2887361                    /lib/x86_64-linux-gnu/libnss_nis-2.17.so
7ffb439b0000-7ffb439b1000 r--p 0000a000 08:01 2887361                    /lib/x86_64-linux-gnu/libnss_nis-2.17.so
7ffb439b1000-7ffb439b2000 rw-p 0000b000 08:01 2887361                    /lib/x86_64-linux-gnu/libnss_nis-2.17.so
7ffb439b2000-7ffb439c9000 r-xp 00000000 08:01 2887351                    /lib/x86_64-linux-gnu/libnsl-2.17.so
7ffb439c9000-7ffb43bc8000 ---p 00017000 08:01 2887351                    /lib/x86_64-linux-gnu/libnsl-2.17.so
7ffb43bc8000-7ffb43bc9000 r--p 00016000 08:01 2887351                    /lib/x86_64-linux-gnu/libnsl-2.17.so
7ffb43bc9000-7ffb43bca000 rw-p 00017000 08:01 2887351                    /lib/x86_64-linux-gnu/libnsl-2.17.so
7ffb43bca000-7ffb43bcc000 rw-p 00000000 00:00 0 
7ffb43bcc000-7ffb43bd4000 r-xp 00000000 08:01 2887353                    /lib/x86_64-linux-gnu/libnss_compat-2.17.so
7ffb43bd4000-7ffb43dd3000 ---p 00008000 08:01 2887353                    /lib/x86_64-linux-gnu/libnss_compat-2.17.so
7ffb43dd3000-7ffb43dd4000 r--p 00007000 08:01 2887353                    /lib/x86_64-linux-gnu/libnss_compat-2.17.so
7ffb43dd4000-7ffb43dd5000 rw-p 00008000 08:01 2887353                    /lib/x86_64-linux-gnu/libnss_compat-2.17.so
7ffb43dd5000-7ffb43dfe000 r-xp 00000000 08:01 9702169                    /usr/local/java/jdk1.7.0_25/jre/lib/amd64/libjava.so
7ffb43dfe000-7ffb43ffe000 ---p 00029000 08:01 9702169                    /usr/local/java/jdk1.7.0_25/jre/lib/amd64/libjava.so
7ffb43ffe000-7ffb44000000 rw-p 00029000 08:01 9702169                    /usr/local/java/jdk1.7.0_25/jre/lib/amd64/libjava.so
7ffb44000000-7ffb45de7000 rw-p 00000000 00:00 0 
7ffb45de7000-7ffb48000000 ---p 00000000 00:00 0 
7ffb48000000-7ffb48111000 rw-p 00000000 00:00 0 
7ffb48111000-7ffb48113000 ---p 00000000 00:00 0 
7ffb48113000-7ffb48124000 rw-p 00000000 00:00 0 
7ffb48124000-7ffb48131000 r-xp 00000000 08:01 9702158                    /usr/local/java/jdk1.7.0_25/jre/lib/amd64/libverify.so
7ffb48131000-7ffb48330000 ---p 0000d000 08:01 9702158                    /usr/local/java/jdk1.7.0_25/jre/lib/amd64/libverify.so
7ffb48330000-7ffb48332000 rw-p 0000c000 08:01 9702158                    /usr/local/java/jdk1.7.0_25/jre/lib/amd64/libverify.so
7ffb48332000-7ffb48339000 r-xp 00000000 08:01 2887404                    /lib/x86_64-linux-gnu/librt-2.17.so
7ffb48339000-7ffb48538000 ---p 00007000 08:01 2887404                    /lib/x86_64-linux-gnu/librt-2.17.so
7ffb48538000-7ffb48539000 r--p 00006000 08:01 2887404                    /lib/x86_64-linux-gnu/librt-2.17.so
7ffb48539000-7ffb4853a000 rw-p 00007000 08:01 2887404                    /lib/x86_64-linux-gnu/librt-2.17.so
7ffb4853a000-7ffb4863d000 r-xp 00000000 08:01 2887332                    /lib/x86_64-linux-gnu/libm-2.17.so
7ffb4863d000-7ffb4883d000 ---p 00103000 08:01 2887332                    /lib/x86_64-linux-gnu/libm-2.17.so
7ffb4883d000-7ffb4883e000 r--p 00103000 08:01 2887332                    /lib/x86_64-linux-gnu/libm-2.17.so
7ffb4883e000-7ffb4883f000 rw-p 00104000 08:01 2887332                    /lib/x86_64-linux-gnu/libm-2.17.so
7ffb4883f000-7ffb49280000 r-xp 00000000 08:01 9702176                    /usr/local/java/jdk1.7.0_25/jre/lib/amd64/server/libjvm.so
7ffb49280000-7ffb49480000 ---p 00a41000 08:01 9702176                    /usr/local/java/jdk1.7.0_25/jre/lib/amd64/server/libjvm.so
7ffb49480000-7ffb49523000 rw-p 00a41000 08:01 9702176                    /usr/local/java/jdk1.7.0_25/jre/lib/amd64/server/libjvm.so
7ffb49523000-7ffb4955f000 rw-p 00000000 00:00 0 
7ffb4955f000-7ffb4971d000 r-xp 00000000 08:01 2887284                    /lib/x86_64-linux-gnu/libc-2.17.so
7ffb4971d000-7ffb4991c000 ---p 001be000 08:01 2887284                    /lib/x86_64-linux-gnu/libc-2.17.so
7ffb4991c000-7ffb49920000 r--p 001bd000 08:01 2887284                    /lib/x86_64-linux-gnu/libc-2.17.so
7ffb49920000-7ffb49922000 rw-p 001c1000 08:01 2887284                    /lib/x86_64-linux-gnu/libc-2.17.so
7ffb49922000-7ffb49927000 rw-p 00000000 00:00 0 
7ffb49927000-7ffb4992a000 r-xp 00000000 08:01 2887299                    /lib/x86_64-linux-gnu/libdl-2.17.so
7ffb4992a000-7ffb49b29000 ---p 00003000 08:01 2887299                    /lib/x86_64-linux-gnu/libdl-2.17.so
7ffb49b29000-7ffb49b2a000 r--p 00002000 08:01 2887299                    /lib/x86_64-linux-gnu/libdl-2.17.so
7ffb49b2a000-7ffb49b2b000 rw-p 00003000 08:01 2887299                    /lib/x86_64-linux-gnu/libdl-2.17.so
7ffb49b2b000-7ffb49b41000 r-xp 00000000 08:01 9702199                    /usr/local/java/jdk1.7.0_25/jre/lib/amd64/jli/libjli.so
7ffb49b41000-7ffb49d41000 ---p 00016000 08:01 9702199                    /usr/local/java/jdk1.7.0_25/jre/lib/amd64/jli/libjli.so
7ffb49d41000-7ffb49d42000 rw-p 00016000 08:01 9702199                    /usr/local/java/jdk1.7.0_25/jre/lib/amd64/jli/libjli.so
7ffb49d42000-7ffb49d5a000 r-xp 00000000 08:01 2887396                    /lib/x86_64-linux-gnu/libpthread-2.17.so
7ffb49d5a000-7ffb49f59000 ---p 00018000 08:01 2887396                    /lib/x86_64-linux-gnu/libpthread-2.17.so
7ffb49f59000-7ffb49f5a000 r--p 00017000 08:01 2887396                    /lib/x86_64-linux-gnu/libpthread-2.17.so
7ffb49f5a000-7ffb49f5b000 rw-p 00018000 08:01 2887396                    /lib/x86_64-linux-gnu/libpthread-2.17.so
7ffb49f5b000-7ffb49f5f000 rw-p 00000000 00:00 0 
7ffb49f5f000-7ffb49f82000 r-xp 00000000 08:01 2887260                    /lib/x86_64-linux-gnu/ld-2.17.so
7ffb49f82000-7ffb49f83000 r--s 00003000 08:01 10488947                   /home/jumper/.m2/repository/javax/transaction/jta/1.1/jta-1.1.jar
7ffb49f83000-7ffb49ff5000 rw-p 00000000 00:00 0 
7ffb49ff5000-7ffb4a064000 rw-p 00000000 00:00 0 
7ffb4a064000-7ffb4a067000 ---p 00000000 00:00 0 
7ffb4a067000-7ffb4a169000 rw-p 00000000 00:00 0                          [stack:15658]
7ffb4a169000-7ffb4a16a000 r--s 00004000 08:01 10750353                   /home/jumper/.m2/repository/net/sf/scannotation/scannotation/1.0.2/scannotation-1.0.2.jar
7ffb4a16a000-7ffb4a16c000 r--s 00000000 08:01 10750373                   /home/jumper/.m2/repository/com/codenvy/commons/codenvy-commons-env/0.8.0-SNAPSHOT/codenvy-commons-env-0.8.0-SNAPSHOT.jar
7ffb4a16c000-7ffb4a16e000 r--s 00009000 08:01 10749808                   /home/jumper/.m2/repository/org/everrest/everrest-websockets/1.1.1/everrest-websockets-1.1.1.jar
7ffb4a16e000-7ffb4a170000 r--s 0000a000 08:01 9968297                    /home/jumper/.m2/repository/org/json/json/20090211/json-20090211.jar
7ffb4a170000-7ffb4a172000 r--s 0000e000 08:01 9834930                    /home/jumper/.m2/repository/javax/validation/validation-api/1.0.0.GA/validation-api-1.0.0.GA-sources.jar
7ffb4a172000-7ffb4a175000 r--s 00009000 08:01 9834895                    /home/jumper/.m2/repository/javax/validation/validation-api/1.0.0.GA/validation-api-1.0.0.GA.jar
7ffb4a175000-7ffb4a17d000 rw-s 00000000 08:01 6035360                    /tmp/hsperfdata_jumper/15657
7ffb4a17d000-7ffb4a17e000 rw-p 00000000 00:00 0 
7ffb4a17e000-7ffb4a17f000 ---p 00000000 00:00 0 
7ffb4a17f000-7ffb4a181000 rw-p 00000000 00:00 0 
7ffb4a181000-7ffb4a182000 r--p 00022000 08:01 2887260                    /lib/x86_64-linux-gnu/ld-2.17.so
7ffb4a182000-7ffb4a184000 rw-p 00023000 08:01 2887260                    /lib/x86_64-linux-gnu/ld-2.17.so
7fff70889000-7fff708ae000 rw-p 00000000 00:00 0                          [stack]
7fff70908000-7fff7090a000 r-xp 00000000 00:00 0                          [vdso]
ffffffffff600000-ffffffffff601000 r-xp 00000000 00:00 0                  [vsyscall]

VM Arguments:
jvm_args: -Xmx2048m 
java_command: com.google.gwt.dev.Compiler -logLevel INFO -style OBF -war /home/jumper/IdeaProjects/ide/codenvy-application-war/target/codenvy-application-war-2.7.0-SNAPSHOT -localWorkers 2 -XfragmentCount -1 -gen /home/jumper/IdeaProjects/ide/codenvy-application-war/target/.generated org.exoplatform.ide.Application
Launcher Type: SUN_STANDARD

Environment Variables:
JAVA_HOME=/usr/local/java/jdk1.7.0_25
PATH=/usr/local/apache/apache-maven-3.1.0/bin:/usr/local/java/jdk1.7.0_25/bin:/usr/lib/lightdm/lightdm:/usr/local/sbin:/usr/local/bin:/usr/sbin:/usr/bin:/sbin:/bin:/usr/games:/usr/local/games
SHELL=/bin/bash
DISPLAY=:0.0

Signal Handlers:
SIGSEGV: [libjvm.so+0x8a26a0], sa_mask[0]=0x7ffbfeff, sa_flags=0x10000004
SIGBUS: [libjvm.so+0x8a26a0], sa_mask[0]=0x7ffbfeff, sa_flags=0x10000004
SIGFPE: [libjvm.so+0x73f3d0], sa_mask[0]=0x7ffbfeff, sa_flags=0x10000004
SIGPIPE: [libjvm.so+0x73f3d0], sa_mask[0]=0x7ffbfeff, sa_flags=0x10000004
SIGXFSZ: [libjvm.so+0x73f3d0], sa_mask[0]=0x7ffbfeff, sa_flags=0x10000004
SIGILL: [libjvm.so+0x73f3d0], sa_mask[0]=0x7ffbfeff, sa_flags=0x10000004
SIGUSR1: SIG_DFL, sa_mask[0]=0x00000000, sa_flags=0x00000000
SIGUSR2: [libjvm.so+0x73ed20], sa_mask[0]=0x00000004, sa_flags=0x10000004
SIGHUP: [libjvm.so+0x7410b0], sa_mask[0]=0x7ffbfeff, sa_flags=0x10000004
SIGINT: [libjvm.so+0x7410b0], sa_mask[0]=0x7ffbfeff, sa_flags=0x10000004
SIGTERM: [libjvm.so+0x7410b0], sa_mask[0]=0x7ffbfeff, sa_flags=0x10000004
SIGQUIT: [libjvm.so+0x7410b0], sa_mask[0]=0x7ffbfeff, sa_flags=0x10000004


---------------  S Y S T E M  ---------------

OS:wheezy/sid

uname:Linux 3.8.0-30-generic #44-Ubuntu SMP Thu Aug 22 20:52:24 UTC 2013 x86_64
libc:glibc 2.17 NPTL 2.17 
rlimit: STACK 8192k, CORE 0k, NPROC 63737, NOFILE 4096, AS infinity
load average:4,26 3,35 2,07

/proc/meminfo:
MemTotal:        8177488 kB
MemFree:          226260 kB
Buffers:            2628 kB
Cached:           339732 kB
SwapCached:       126240 kB
Active:          5983688 kB
Inactive:        1485064 kB
Active(anon):    5962908 kB
Inactive(anon):  1191468 kB
Active(file):      20780 kB
Inactive(file):   293596 kB
Unevictable:          64 kB
Mlocked:              64 kB
SwapTotal:       8387580 kB
SwapFree:        7711028 kB
Dirty:               404 kB
Writeback:             0 kB
AnonPages:       7003268 kB
Mapped:            71896 kB
Shmem:             27820 kB
Slab:             138592 kB
SReclaimable:      98268 kB
SUnreclaim:        40324 kB
KernelStack:        5760 kB
PageTables:        57488 kB
NFS_Unstable:          0 kB
Bounce:                0 kB
WritebackTmp:          0 kB
CommitLimit:    12476324 kB
Committed_AS:   12965012 kB
VmallocTotal:   34359738367 kB
VmallocUsed:      339616 kB
VmallocChunk:   34359387424 kB
HardwareCorrupted:     0 kB
AnonHugePages:         0 kB
HugePages_Total:       0
HugePages_Free:        0
HugePages_Rsvd:        0
HugePages_Surp:        0
Hugepagesize:       2048 kB
DirectMap4k:      505344 kB
DirectMap2M:     7882752 kB


CPU:total 4 (4 cores per cpu, 1 threads per core) family 6 model 23 stepping 10, cmov, cx8, fxsr, mmx, sse, sse2, sse3, ssse3, sse4.1, tsc

/proc/cpuinfo:
processor	: 0
vendor_id	: GenuineIntel
cpu family	: 6
model		: 23
model name	: Intel(R) Core(TM)2 Quad CPU    Q9550  @ 2.83GHz
stepping	: 10
microcode	: 0xa07
cpu MHz		: 2830.000
cache size	: 6144 KB
physical id	: 0
siblings	: 4
core id		: 0
cpu cores	: 4
apicid		: 0
initial apicid	: 0
fpu		: yes
fpu_exception	: yes
cpuid level	: 13
wp		: yes
flags		: fpu vme de pse tsc msr pae mce cx8 apic sep mtrr pge mca cmov pat pse36 clflush dts acpi mmx fxsr sse sse2 ss ht tm pbe syscall nx lm constant_tsc arch_perfmon pebs bts rep_good nopl aperfmperf pni dtes64 monitor ds_cpl vmx smx est tm2 ssse3 cx16 xtpr pdcm sse4_1 xsave lahf_lm dtherm tpr_shadow vnmi flexpriority
bogomips	: 5666.30
clflush size	: 64
cache_alignment	: 64
address sizes	: 36 bits physical, 48 bits virtual
power management:

processor	: 1
vendor_id	: GenuineIntel
cpu family	: 6
model		: 23
model name	: Intel(R) Core(TM)2 Quad CPU    Q9550  @ 2.83GHz
stepping	: 10
microcode	: 0xa07
cpu MHz		: 2830.000
cache size	: 6144 KB
physical id	: 0
siblings	: 4
core id		: 1
cpu cores	: 4
apicid		: 1
initial apicid	: 1
fpu		: yes
fpu_exception	: yes
cpuid level	: 13
wp		: yes
flags		: fpu vme de pse tsc msr pae mce cx8 apic sep mtrr pge mca cmov pat pse36 clflush dts acpi mmx fxsr sse sse2 ss ht tm pbe syscall nx lm constant_tsc arch_perfmon pebs bts rep_good nopl aperfmperf pni dtes64 monitor ds_cpl vmx smx est tm2 ssse3 cx16 xtpr pdcm sse4_1 xsave lahf_lm dtherm tpr_shadow vnmi flexpriority
bogomips	: 5666.30
clflush size	: 64
cache_alignment	: 64
address sizes	: 36 bits physical, 48 bits virtual
power management:

processor	: 2
vendor_id	: GenuineIntel
cpu family	: 6
model		: 23
model name	: Intel(R) Core(TM)2 Quad CPU    Q9550  @ 2.83GHz
stepping	: 10
microcode	: 0xa07
cpu MHz		: 2830.000
cache size	: 6144 KB
physical id	: 0
siblings	: 4
core id		: 2
cpu cores	: 4
apicid		: 2
initial apicid	: 2
fpu		: yes
fpu_exception	: yes
cpuid level	: 13
wp		: yes
flags		: fpu vme de pse tsc msr pae mce cx8 apic sep mtrr pge mca cmov pat pse36 clflush dts acpi mmx fxsr sse sse2 ss ht tm pbe syscall nx lm constant_tsc arch_perfmon pebs bts rep_good nopl aperfmperf pni dtes64 monitor ds_cpl vmx smx est tm2 ssse3 cx16 xtpr pdcm sse4_1 xsave lahf_lm dtherm tpr_shadow vnmi flexpriority
bogomips	: 5666.30
clflush size	: 64
cache_alignment	: 64
address sizes	: 36 bits physical, 48 bits virtual
power management:

processor	: 3
vendor_id	: GenuineIntel
cpu family	: 6
model		: 23
model name	: Intel(R) Core(TM)2 Quad CPU    Q9550  @ 2.83GHz
stepping	: 10
microcode	: 0xa07
cpu MHz		: 2830.000
cache size	: 6144 KB
physical id	: 0
siblings	: 4
core id		: 3
cpu cores	: 4
apicid		: 3
initial apicid	: 3
fpu		: yes
fpu_exception	: yes
cpuid level	: 13
wp		: yes
flags		: fpu vme de pse tsc msr pae mce cx8 apic sep mtrr pge mca cmov pat pse36 clflush dts acpi mmx fxsr sse sse2 ss ht tm pbe syscall nx lm constant_tsc arch_perfmon pebs bts rep_good nopl aperfmperf pni dtes64 monitor ds_cpl vmx smx est tm2 ssse3 cx16 xtpr pdcm sse4_1 xsave lahf_lm dtherm tpr_shadow vnmi flexpriority
bogomips	: 5666.30
clflush size	: 64
cache_alignment	: 64
address sizes	: 36 bits physical, 48 bits virtual
power management:



Memory: 4k page, physical 8177488k(226260k free), swap 8387580k(7711028k free)

vm_info: Java HotSpot(TM) 64-Bit Server VM (23.25-b01) for linux-amd64 JRE (1.7.0_25-b15), built on Jun  5 2013 20:48:36 by "java_re" with gcc 4.3.0 20080428 (Red Hat 4.3.0-8)

time: Wed Sep 18 17:02:06 2013
elapsed time: 449 seconds

