2013-03-04 15:43:36,991[main]             [INFO ] [e.k.c.ExoContainerContext 146]       - Set the top container in its context
2013-03-04 15:43:37,070[main]             [INFO ] [.c.c.InitialContextInitializer 152]  - Using mandatory system property: java.naming.factory.initial = org.exoplatform.services.naming.SimpleContextFactory
2013-03-04 15:43:37,076[main]             [INFO ] [.c.c.InitialContextInitializer 203]  - Reference bound: jdbcjcr
2013-03-04 15:43:37,183[main]             [INFO ] [c.c.JDBCWorkspaceDataContainer 425]  - Using a dialect 'HSQLDB'
2013-03-04 15:43:37,627[main]             [INFO ] [e.j.c.core.DBInitializer 292]        - DB schema of DataSource: 'dev-monit' initialized succesfully
2013-03-04 15:43:37,632[main]             [INFO ] [c.c.JDBCWorkspaceDataContainer 474]  - JDBC based JCR Workspace Data container 
container name: dev-monit 
data source JNDI name: jdbcjcr
is multi database: true
storage version: 1.7
value storage provider: []
max buffer size (bytes): 204800
swap directory path: /home/vetal/codenvy/projects/ide/exo-ide-extension-ssh/target/temp/swap/dev-monit
2013-03-04 15:43:37,648[main]             [INFO ] [inkedWorkspaceStorageCacheImpl 772]  - jcr.db1_dev-monit Create unblocking cache map.
2013-03-04 15:43:38,163[main]             [INFO ] [e.j.c.c.IndexerIoModeHandler 55]     - Indexer io mode=READ_WRITE
2013-03-04 15:43:38,163[main]             [INFO ] [e.j.component.core.SearchIndex 628]  - path=/home/vetal/codenvy/projects/ide/exo-ide-extension-ssh/target/temp/index/dev-monit_system
2013-03-04 15:43:38,241[main]             [INFO ] [e.j.component.core.MultiIndex 3549]  - Setting index OFFLINE (db1/db1_dev-monit[system])
2013-03-04 15:43:38,242[r-db1-dev-monit]  [INFO ] [e.j.component.core.IndexMerger 401]  - IndexMerger terminated
2013-03-04 15:43:38,427[main]             [INFO ] [e.j.component.core.MultiIndex 546]   - Initial index for 114 nodes created (db1/db1_dev-monit[system]).
2013-03-04 15:43:38,428[main]             [INFO ] [e.j.component.core.MultiIndex 3525]  - Setting index ONLINE (db1/db1_dev-monit[system])
2013-03-04 15:43:38,430[main]             [INFO ] [e.j.component.core.SearchIndex 711]  - Index initialized: /home/vetal/codenvy/projects/ide/exo-ide-extension-ssh/target/temp/index/dev-monit_system Version: 4
2013-03-04 15:43:38,471[main]             [INFO ] [e.j.component.core.SearchIndex 628]  - path=/home/vetal/codenvy/projects/ide/exo-ide-extension-ssh/target/temp/index/dev-monit
2013-03-04 15:43:38,473[main]             [INFO ] [e.j.component.core.MultiIndex 3549]  - Setting index OFFLINE (db1/db1_dev-monit)
2013-03-04 15:43:38,473[r-db1-dev-monit]  [INFO ] [e.j.component.core.IndexMerger 401]  - IndexMerger terminated
2013-03-04 15:43:38,505[main]             [INFO ] [e.j.component.core.MultiIndex 546]   - Initial index for 1 nodes created (db1/db1_dev-monit).
2013-03-04 15:43:38,505[main]             [INFO ] [e.j.component.core.MultiIndex 3525]  - Setting index ONLINE (db1/db1_dev-monit)
2013-03-04 15:43:38,507[main]             [INFO ] [e.j.component.core.SearchIndex 711]  - Index initialized: /home/vetal/codenvy/projects/ide/exo-ide-extension-ssh/target/temp/index/dev-monit Version: 4
2013-03-04 15:43:38,652[main]             [INFO ] [e.k.c.StandaloneContainer 183]       - StandaloneContainer initialized using:  file:/home/vetal/codenvy/projects/ide/exo-ide-extension-ssh/target/test-classes/conf/standalone/test-configuration.xml
2013-03-04 15:47:08,032[main]             [INFO ] [e.k.c.ExoContainerContext 146]       - Set the top container in its context
2013-03-04 15:47:08,111[main]             [INFO ] [.c.c.InitialContextInitializer 152]  - Using mandatory system property: java.naming.factory.initial = org.exoplatform.services.naming.SimpleContextFactory
2013-03-04 15:47:08,117[main]             [INFO ] [.c.c.InitialContextInitializer 203]  - Reference bound: jdbcjcr
2013-03-04 15:47:08,205[main]             [INFO ] [c.c.JDBCWorkspaceDataContainer 425]  - Using a dialect 'HSQLDB'
2013-03-04 15:47:08,796[main]             [INFO ] [e.j.c.core.DBInitializer 292]        - DB schema of DataSource: 'dev-monit' initialized succesfully
2013-03-04 15:47:08,800[main]             [INFO ] [c.c.JDBCWorkspaceDataContainer 474]  - JDBC based JCR Workspace Data container 
container name: dev-monit 
data source JNDI name: jdbcjcr
is multi database: true
storage version: 1.7
value storage provider: []
max buffer size (bytes): 204800
swap directory path: /home/vetal/codenvy/projects/ide/exo-ide-extension-ssh/target/temp/swap/dev-monit
2013-03-04 15:47:08,817[main]             [INFO ] [inkedWorkspaceStorageCacheImpl 772]  - jcr.db1_dev-monit Create unblocking cache map.
2013-03-04 15:47:09,349[main]             [INFO ] [e.j.c.c.IndexerIoModeHandler 55]     - Indexer io mode=READ_WRITE
2013-03-04 15:47:09,350[main]             [INFO ] [e.j.component.core.SearchIndex 628]  - path=/home/vetal/codenvy/projects/ide/exo-ide-extension-ssh/target/temp/index/dev-monit_system
2013-03-04 15:47:09,425[main]             [INFO ] [e.j.component.core.MultiIndex 3549]  - Setting index OFFLINE (db1/db1_dev-monit[system])
2013-03-04 15:47:09,426[r-db1-dev-monit]  [INFO ] [e.j.component.core.IndexMerger 401]  - IndexMerger terminated
2013-03-04 15:47:09,614[main]             [INFO ] [e.j.component.core.MultiIndex 546]   - Initial index for 114 nodes created (db1/db1_dev-monit[system]).
2013-03-04 15:47:09,614[main]             [INFO ] [e.j.component.core.MultiIndex 3525]  - Setting index ONLINE (db1/db1_dev-monit[system])
2013-03-04 15:47:09,616[main]             [INFO ] [e.j.component.core.SearchIndex 711]  - Index initialized: /home/vetal/codenvy/projects/ide/exo-ide-extension-ssh/target/temp/index/dev-monit_system Version: 4
2013-03-04 15:47:09,673[main]             [INFO ] [e.j.component.core.SearchIndex 628]  - path=/home/vetal/codenvy/projects/ide/exo-ide-extension-ssh/target/temp/index/dev-monit
2013-03-04 15:47:09,674[main]             [INFO ] [e.j.component.core.MultiIndex 3549]  - Setting index OFFLINE (db1/db1_dev-monit)
2013-03-04 15:47:09,674[r-db1-dev-monit]  [INFO ] [e.j.component.core.IndexMerger 401]  - IndexMerger terminated
2013-03-04 15:47:09,716[main]             [INFO ] [e.j.component.core.MultiIndex 546]   - Initial index for 1 nodes created (db1/db1_dev-monit).
2013-03-04 15:47:09,717[main]             [INFO ] [e.j.component.core.MultiIndex 3525]  - Setting index ONLINE (db1/db1_dev-monit)
2013-03-04 15:47:09,718[main]             [INFO ] [e.j.component.core.SearchIndex 711]  - Index initialized: /home/vetal/codenvy/projects/ide/exo-ide-extension-ssh/target/temp/index/dev-monit Version: 4
2013-03-04 15:47:09,888[main]             [INFO ] [e.k.c.StandaloneContainer 183]       - StandaloneContainer initialized using:  file:/home/vetal/codenvy/projects/ide/exo-ide-extension-ssh/target/test-classes/conf/standalone/test-configuration.xml
2013-03-04 16:11:36,462[main]             [INFO ] [e.k.c.ExoContainerContext 146]       - Set the top container in its context
2013-03-04 16:11:36,542[main]             [INFO ] [.c.c.InitialContextInitializer 152]  - Using mandatory system property: java.naming.factory.initial = org.exoplatform.services.naming.SimpleContextFactory
2013-03-04 16:11:36,547[main]             [INFO ] [.c.c.InitialContextInitializer 203]  - Reference bound: jdbcjcr
2013-03-04 16:11:36,639[main]             [INFO ] [c.c.JDBCWorkspaceDataContainer 425]  - Using a dialect 'HSQLDB'
2013-03-04 16:11:37,125[main]             [INFO ] [e.j.c.core.DBInitializer 292]        - DB schema of DataSource: 'dev-monit' initialized succesfully
2013-03-04 16:11:37,130[main]             [INFO ] [c.c.JDBCWorkspaceDataContainer 474]  - JDBC based JCR Workspace Data container 
container name: dev-monit 
data source JNDI name: jdbcjcr
is multi database: true
storage version: 1.7
value storage provider: []
max buffer size (bytes): 204800
swap directory path: /home/vetal/codenvy/projects/ide/exo-ide-extension-ssh/target/temp/swap/dev-monit
2013-03-04 16:11:37,147[main]             [INFO ] [inkedWorkspaceStorageCacheImpl 772]  - jcr.db1_dev-monit Create unblocking cache map.
2013-03-04 16:11:37,665[main]             [INFO ] [e.j.c.c.IndexerIoModeHandler 55]     - Indexer io mode=READ_WRITE
2013-03-04 16:11:37,666[main]             [INFO ] [e.j.component.core.SearchIndex 628]  - path=/home/vetal/codenvy/projects/ide/exo-ide-extension-ssh/target/temp/index/dev-monit_system
2013-03-04 16:11:37,743[main]             [INFO ] [e.j.component.core.MultiIndex 3549]  - Setting index OFFLINE (db1/db1_dev-monit[system])
2013-03-04 16:11:37,744[r-db1-dev-monit]  [INFO ] [e.j.component.core.IndexMerger 401]  - IndexMerger terminated
2013-03-04 16:11:37,916[main]             [INFO ] [e.j.component.core.MultiIndex 546]   - Initial index for 114 nodes created (db1/db1_dev-monit[system]).
2013-03-04 16:11:37,916[main]             [INFO ] [e.j.component.core.MultiIndex 3525]  - Setting index ONLINE (db1/db1_dev-monit[system])
2013-03-04 16:11:37,918[main]             [INFO ] [e.j.component.core.SearchIndex 711]  - Index initialized: /home/vetal/codenvy/projects/ide/exo-ide-extension-ssh/target/temp/index/dev-monit_system Version: 4
2013-03-04 16:11:37,968[main]             [INFO ] [e.j.component.core.SearchIndex 628]  - path=/home/vetal/codenvy/projects/ide/exo-ide-extension-ssh/target/temp/index/dev-monit
2013-03-04 16:11:37,969[main]             [INFO ] [e.j.component.core.MultiIndex 3549]  - Setting index OFFLINE (db1/db1_dev-monit)
2013-03-04 16:11:37,970[r-db1-dev-monit]  [INFO ] [e.j.component.core.IndexMerger 401]  - IndexMerger terminated
2013-03-04 16:11:38,012[main]             [INFO ] [e.j.component.core.MultiIndex 546]   - Initial index for 1 nodes created (db1/db1_dev-monit).
2013-03-04 16:11:38,012[main]             [INFO ] [e.j.component.core.MultiIndex 3525]  - Setting index ONLINE (db1/db1_dev-monit)
2013-03-04 16:11:38,013[main]             [INFO ] [e.j.component.core.SearchIndex 711]  - Index initialized: /home/vetal/codenvy/projects/ide/exo-ide-extension-ssh/target/temp/index/dev-monit Version: 4
2013-03-04 16:11:38,194[main]             [INFO ] [e.k.c.StandaloneContainer 183]       - StandaloneContainer initialized using:  file:/home/vetal/codenvy/projects/ide/exo-ide-extension-ssh/target/test-classes/conf/standalone/test-configuration.xml
2013-03-04 16:14:09,527[main]             [INFO ] [e.k.c.ExoContainerContext 146]       - Set the top container in its context
2013-03-04 16:14:09,607[main]             [INFO ] [.c.c.InitialContextInitializer 152]  - Using mandatory system property: java.naming.factory.initial = org.exoplatform.services.naming.SimpleContextFactory
2013-03-04 16:14:09,612[main]             [INFO ] [.c.c.InitialContextInitializer 203]  - Reference bound: jdbcjcr
2013-03-04 16:14:09,702[main]             [INFO ] [c.c.JDBCWorkspaceDataContainer 425]  - Using a dialect 'HSQLDB'
2013-03-04 16:14:10,288[main]             [INFO ] [e.j.c.core.DBInitializer 292]        - DB schema of DataSource: 'dev-monit' initialized succesfully
2013-03-04 16:14:10,292[main]             [INFO ] [c.c.JDBCWorkspaceDataContainer 474]  - JDBC based JCR Workspace Data container 
container name: dev-monit 
data source JNDI name: jdbcjcr
is multi database: true
storage version: 1.7
value storage provider: []
max buffer size (bytes): 204800
swap directory path: /home/vetal/codenvy/projects/ide/exo-ide-extension-ssh/target/temp/swap/dev-monit
2013-03-04 16:14:10,309[main]             [INFO ] [inkedWorkspaceStorageCacheImpl 772]  - jcr.db1_dev-monit Create unblocking cache map.
2013-03-04 16:14:10,831[main]             [INFO ] [e.j.c.c.IndexerIoModeHandler 55]     - Indexer io mode=READ_WRITE
2013-03-04 16:14:10,832[main]             [INFO ] [e.j.component.core.SearchIndex 628]  - path=/home/vetal/codenvy/projects/ide/exo-ide-extension-ssh/target/temp/index/dev-monit_system
2013-03-04 16:14:10,909[main]             [INFO ] [e.j.component.core.MultiIndex 3549]  - Setting index OFFLINE (db1/db1_dev-monit[system])
2013-03-04 16:14:10,909[r-db1-dev-monit]  [INFO ] [e.j.component.core.IndexMerger 401]  - IndexMerger terminated
2013-03-04 16:14:11,095[main]             [INFO ] [e.j.component.core.MultiIndex 546]   - Initial index for 114 nodes created (db1/db1_dev-monit[system]).
2013-03-04 16:14:11,096[main]             [INFO ] [e.j.component.core.MultiIndex 3525]  - Setting index ONLINE (db1/db1_dev-monit[system])
2013-03-04 16:14:11,097[main]             [INFO ] [e.j.component.core.SearchIndex 711]  - Index initialized: /home/vetal/codenvy/projects/ide/exo-ide-extension-ssh/target/temp/index/dev-monit_system Version: 4
2013-03-04 16:14:11,169[main]             [INFO ] [e.j.component.core.SearchIndex 628]  - path=/home/vetal/codenvy/projects/ide/exo-ide-extension-ssh/target/temp/index/dev-monit
2013-03-04 16:14:11,170[main]             [INFO ] [e.j.component.core.MultiIndex 3549]  - Setting index OFFLINE (db1/db1_dev-monit)
2013-03-04 16:14:11,170[r-db1-dev-monit]  [INFO ] [e.j.component.core.IndexMerger 401]  - IndexMerger terminated
2013-03-04 16:14:11,212[main]             [INFO ] [e.j.component.core.MultiIndex 546]   - Initial index for 1 nodes created (db1/db1_dev-monit).
2013-03-04 16:14:11,213[main]             [INFO ] [e.j.component.core.MultiIndex 3525]  - Setting index ONLINE (db1/db1_dev-monit)
2013-03-04 16:14:11,214[main]             [INFO ] [e.j.component.core.SearchIndex 711]  - Index initialized: /home/vetal/codenvy/projects/ide/exo-ide-extension-ssh/target/temp/index/dev-monit Version: 4
2013-03-04 16:14:11,373[main]             [INFO ] [e.k.c.StandaloneContainer 183]       - StandaloneContainer initialized using:  file:/home/vetal/codenvy/projects/ide/exo-ide-extension-ssh/target/test-classes/conf/standalone/test-configuration.xml
